2016-04-16 19:05:33---error in process cmd:'bool' object has no attribute 'getPort'
2016-04-16 19:10:24---error in process cmd:'machine' object is not iterable
2016-04-16 19:13:14---error in process cmd:global name 'file_addr' is not defined
2016-04-16 22:18:39---error in process cmd:'module' object has no attribute 'storeFile'
2016-04-16 22:18:39---code:-1001msg:未知错误
2016-04-16 22:20:02---存储失败:'module' object has no attribute 'file_location'
2016-04-16 22:20:02---code:-1031msg:保存文件失败
2016-04-16 22:21:08---存储失败:
2016-04-16 22:21:08---code:-1031msg:保存文件失败
2016-04-16 22:22:16---error in process cmd:'bool' object has no attribute 'getName'
2016-04-16 22:22:16---存储失败:must be string or buffer, not list
2016-04-16 22:22:16---code:-1031msg:保存文件失败
2016-04-16 22:24:30---存储失败:must be string or buffer, not list
2016-04-16 22:24:30---code:-1031msg:保存文件失败
2016-04-16 22:26:59---存储失败:must be string or buffer, not list
2016-04-16 22:26:59---code:-1031msg:保存文件失败
2016-04-17 10:20:15---读取文件失败:
2016-04-17 10:27:53---error in process cmd:'list' object has no attribute 'getFile'
2016-04-17 10:34:10---error in process cmd:'list' object has no attribute 'getFile'
2016-04-17 10:36:24---error in process cmd:'jt_file' object has no attribute '_jt_file__full_name'
2016-04-17 10:37:27---存储失败:
2016-04-17 10:37:27---code:-1031msg:保存文件失败
