2016-02-12 17:47:30---0.067---mkdir
2016-02-12 17:47:30---0.208---mkdir
2016-02-12 17:59:27---0.053---mkdirnext
2016-02-13 06:59:51---0.073---mkdir
2016-02-13 06:59:51---0.588---mkdir
2016-02-13 06:59:51---0.664---mkdir
2016-02-13 06:59:51---0.635---mkdir
2016-02-13 06:59:51---0.13---ls
2016-02-13 07:01:36---0.068---mkdir
2016-02-13 07:01:36---0.53---mkdir
2016-02-13 07:01:36---0.408---mkdir
2016-02-13 07:01:36---0.516---mkdir
2016-02-13 07:01:36---0.113---ls
2016-02-13 07:02:03---0.071---mkdir
2016-02-13 07:02:03---0.146---mkdir
2016-02-13 07:07:12---0.053---mkdirnext
2016-02-13 07:07:12---0.05---mkdir
2016-02-13 07:07:28---0.071---mkdir
2016-02-13 07:07:28---0.154---mkdir
2016-02-13 07:07:58---0.06---mkdirnext
2016-02-13 07:08:12---0.071---mkdir
2016-02-13 07:08:12---0.2---mkdir
2016-02-13 07:10:18---0.108---mkdirnext
2016-02-13 07:10:18---0.061---mkdirnext
2016-02-13 07:10:18---0.084---ls
2016-02-13 07:13:34---0.071---mkdir
2016-02-13 07:13:34---0.169---mkdir
2016-02-13 07:16:35---0.058---mkdirnext
2016-02-13 07:16:36---0.101---mkdirnext
2016-02-13 07:16:36---0.168---ls
2016-02-13 07:16:46---0.073---mkdir
2016-02-13 07:16:46---0.162---mkdir
2016-02-13 07:20:10---0.061---mkdirnext
2016-02-13 07:20:10---0.056---mkdirnext
2016-02-13 07:20:10---0.084---ls
2016-02-13 07:20:29---0.072---mkdir
2016-02-13 07:20:29---0.173---mkdir
2016-02-13 07:21:39---0.113---mkdirnext
2016-02-13 07:21:40---0.113---mkdirnext
2016-02-13 07:21:40---0.088---ls
2016-02-13 07:29:12---0.077---mkdir
2016-02-13 07:29:12---0.165---mkdir
2016-02-13 07:32:51---0.055---mkdirnext
2016-02-13 07:32:52---0.105---mkdirnext
2016-02-13 07:32:52---0.09---ls
2016-02-13 07:33:05---0.079---mkdir
2016-02-13 07:33:05---0.177---mkdir
2016-02-13 07:34:55---0.06---mkdirnext
2016-02-13 07:34:56---0.059---mkdirnext
2016-02-13 07:34:56---0.086---ls
2016-02-13 07:35:15---0.076---mkdir
2016-02-13 07:35:15---0.158---mkdir
2016-02-13 07:37:29---0.055---mkdirnext
2016-02-13 07:37:29---0.105---mkdirnext
2016-02-13 07:37:29---0.089---ls
2016-02-13 07:37:42---0.076---mkdir
2016-02-13 07:37:42---0.156---mkdir
2016-02-13 07:43:02---0.059---mkdirnext
2016-02-13 07:43:02---0.105---mkdirnext
2016-02-13 07:43:02---0.176---ls
2016-02-13 07:45:55---0.076---mkdir
2016-02-13 07:45:55---0.15---mkdir
2016-02-13 07:45:55---0.817---mkdir
2016-02-13 07:45:55---0.624---mkdir
2016-02-13 07:45:55---0.121---ls
2016-02-13 07:46:34---0.102---mkdir
2016-02-13 07:46:34---0.181---mkdir
2016-02-13 07:46:49---0.049---mkdirnext
2016-02-13 07:46:49---0.047---mkdir
2016-02-13 07:46:49---0.145---mkdir
2016-02-13 07:46:54---0.095---mkdirnext
2016-02-13 07:48:24---0.076---mkdir
2016-02-13 07:48:24---0.159---mkdir
2016-02-13 07:49:44---0.061---mkdirnext
2016-02-13 07:50:18---0.078---mkdir
2016-02-13 07:50:18---0.14---mkdir
2016-02-13 07:55:02---0.097---mkdirnext
2016-02-13 07:55:29---0.077---mkdir
2016-02-13 07:55:29---0.14---mkdir
2016-02-13 08:02:27---0.05---mkdirnext
2016-02-13 08:03:12---0.078---mkdir
2016-02-13 08:03:12---0.159---mkdir
2016-02-13 08:05:22---0.097---mkdirnext
2016-02-13 08:05:38---0.076---mkdir
2016-02-13 08:05:38---0.158---mkdir
2016-02-13 08:09:42---0.057---mkdirnext
2016-02-13 08:10:03---0.072---mkdir
2016-02-13 08:10:03---0.15---mkdir
2016-02-13 08:10:03---0.91---mkdir
2016-02-13 08:10:03---0.36---mkdir
2016-02-13 08:10:03---0.107---ls
2016-02-13 08:10:09---0.072---mkdir
2016-02-13 08:10:09---0.145---mkdir
2016-02-13 08:10:09---0.815---mkdir
2016-02-13 08:10:09---0.572---mkdir
2016-02-13 08:10:09---0.117---ls
2016-02-13 10:43:41---0.373---get
2016-02-13 10:43:41---0.382---get
2016-02-13 10:43:41---0.419---get
2016-02-13 10:43:41---0.403---get
2016-02-13 10:43:41---0.494---get
2016-02-13 10:43:41---0.228---get
2016-02-13 10:43:41---0.398---get
2016-02-13 10:43:41---0.313---get
2016-02-13 10:43:41---0.294---get
2016-02-13 10:43:42---0.226---get
2016-02-13 10:43:42---0.218---get
2016-02-13 10:43:42---0.306---get
2016-02-13 10:43:42---0.227---get
2016-02-13 10:43:42---0.27---get
2016-02-13 10:43:42---0.294---get
2016-02-13 10:43:42---0.278---get
2016-02-13 10:43:42---0.24---get
2016-02-13 10:43:42---0.218---get
2016-02-13 10:43:42---0.296---get
2016-02-13 10:44:32---0.297---get
2016-02-13 10:44:32---0.241---get
2016-02-13 10:44:32---0.32---get
2016-02-13 10:44:32---0.405---get
2016-02-13 10:44:32---0.418---get
2016-02-13 10:44:32---0.321---get
2016-02-13 10:44:32---0.308---get
2016-02-13 10:44:32---0.295---get
2016-02-13 10:44:32---0.385---get
2016-02-13 10:44:32---0.293---get
2016-02-13 10:44:32---0.29---get
2016-02-13 10:44:32---0.303---get
2016-02-13 10:44:32---0.293---get
2016-02-13 10:44:32---0.332---get
2016-02-13 10:44:32---0.312---get
2016-02-13 10:44:32---0.292---get
2016-02-13 10:44:32---0.325---get
2016-02-13 10:44:32---0.241---get
2016-02-13 10:44:32---0.352---get
2016-02-13 11:06:28---0.391---get
2016-02-13 11:06:28---0.403---get
2016-02-13 11:06:28---0.294---get
2016-02-13 11:06:28---0.336---get
2016-02-13 11:06:28---0.223---get
2016-02-13 11:06:28---0.232---get
2016-02-13 11:06:28---0.256---get
2016-02-13 11:06:28---0.281---get
2016-02-13 11:06:28---0.259---get
2016-02-13 11:06:28---0.289---get
2016-02-13 11:06:28---0.321---get
2016-02-13 11:06:28---0.313---get
2016-02-13 11:06:28---0.277---get
2016-02-13 11:06:28---0.294---get
2016-02-13 11:06:28---0.246---get
2016-02-13 11:06:28---0.219---get
2016-02-13 11:06:28---0.211---get
2016-02-13 11:06:28---0.25---get
2016-02-13 11:06:28---0.231---get
2016-02-13 11:06:59---0.054---mkdirnext
2016-02-13 11:06:59---0.046---insert
2016-02-13 11:06:59---0.049---insert
2016-02-13 11:06:59---0.055---insert
2016-02-13 11:06:59---0.05---insert
2016-02-13 11:06:59---0.053---insert
2016-02-13 11:06:59---0.051---insert
2016-02-13 11:06:59---0.051---insert
2016-02-13 11:06:59---0.064---insert
2016-02-13 11:06:59---0.063---insert
2016-02-13 11:06:59---0.057---insert
2016-02-13 11:06:59---0.057---insert
2016-02-13 11:06:59---0.054---insert
2016-02-13 11:06:59---0.047---insert
2016-02-13 11:06:59---0.053---insert
2016-02-13 11:06:59---0.062---insert
2016-02-13 11:06:59---0.057---insert
2016-02-13 11:06:59---0.056---insert
2016-02-13 11:06:59---0.049---insert
2016-02-13 11:06:59---0.055---insert
2016-02-13 11:06:59---0.054---insert
2016-02-13 11:06:59---0.057---insert
2016-02-13 11:06:59---0.052---insert
2016-02-13 11:06:59---0.053---insert
2016-02-13 11:06:59---0.046---insert
2016-02-13 11:06:59---0.048---insert
2016-02-13 11:06:59---0.047---insert
2016-02-13 11:06:59---0.048---insert
2016-02-13 11:06:59---0.064---insert
2016-02-13 11:06:59---0.068---insert
2016-02-13 11:06:59---0.069---insert
2016-02-13 11:06:59---0.069---insert
2016-02-13 11:06:59---0.065---insert
2016-02-13 11:06:59---0.09---insert
2016-02-13 11:06:59---0.082---insert
2016-02-13 11:06:59---0.083---insert
2016-02-13 11:06:59---0.079---insert
2016-02-13 11:06:59---0.054---insert
2016-02-13 11:06:59---0.05---insert
2016-02-13 11:06:59---0.049---insert
2016-02-13 11:06:59---0.83---ls
2016-02-13 11:06:59---0.057---mkdirnext
2016-02-13 11:06:59---0.053---insert
2016-02-13 11:06:59---0.047---insert
2016-02-13 11:06:59---0.048---insert
2016-02-13 11:06:59---0.046---insert
2016-02-13 11:06:59---0.045---insert
2016-02-13 11:06:59---0.058---insert
2016-02-13 11:06:59---0.069---insert
2016-02-13 11:06:59---0.064---insert
2016-02-13 11:06:59---0.057---insert
2016-02-13 11:06:59---0.052---insert
2016-02-13 11:06:59---0.068---insert
2016-02-13 11:06:59---0.058---insert
2016-02-13 11:06:59---0.055---insert
2016-02-13 11:06:59---0.052---insert
2016-02-13 11:06:59---0.046---insert
2016-02-13 11:06:59---0.045---insert
2016-02-13 11:06:59---0.044---insert
2016-02-13 11:06:59---0.045---insert
2016-02-13 11:06:59---0.044---insert
2016-02-13 11:06:59---35.059---split
2016-02-13 11:06:59---0.414---ls
2016-02-13 11:06:59---0.451---ls
2016-02-13 11:07:06---0.257---get
2016-02-13 11:07:06---0.235---get
2016-02-13 11:07:06---0.35---get
2016-02-13 11:07:06---0.386---get
2016-02-13 11:07:06---0.32---get
2016-02-13 11:07:06---0.358---get
2016-02-13 11:07:06---0.231---get
2016-02-13 11:07:06---0.234---get
2016-02-13 11:07:06---0.309---get
2016-02-13 11:07:06---0.348---get
2016-02-13 11:07:06---0.324---get
2016-02-13 11:07:06---0.325---get
2016-02-13 11:07:06---0.316---get
2016-02-13 11:07:06---0.319---get
2016-02-13 11:07:06---0.308---get
2016-02-13 11:07:06---0.561---get
2016-02-13 11:07:06---0.717---get
2016-02-13 11:07:06---0.324---get
2016-02-13 11:07:06---0.358---get
2016-02-13 11:07:23---0.362---get
2016-02-13 11:07:23---0.208---get
2016-02-13 11:07:23---0.3---get
2016-02-13 11:07:23---0.294---get
2016-02-13 11:07:23---0.336---get
2016-02-13 11:07:23---1.65---get
2016-02-13 11:07:23---0.394---get
2016-02-13 11:07:23---0.249---get
2016-02-13 11:07:23---0.31---get
2016-02-13 11:07:23---0.297---get
2016-02-13 11:07:23---0.313---get
2016-02-13 11:07:23---0.295---get
2016-02-13 11:07:23---0.299---get
2016-02-13 11:07:23---0.293---get
2016-02-13 11:07:23---0.296---get
2016-02-13 11:07:23---0.29---get
2016-02-13 11:07:23---0.291---get
2016-02-13 11:07:23---0.344---get
2016-02-13 11:07:23---0.37---get
2016-02-13 11:08:48---0.35---get
2016-02-13 11:08:48---0.229---get
2016-02-13 11:08:48---0.3---get
2016-02-13 11:08:48---0.309---get
2016-02-13 11:08:48---0.298---get
2016-02-13 11:08:48---0.354---get
2016-02-13 11:08:48---0.315---get
2016-02-13 11:08:48---0.293---get
2016-02-13 11:08:48---0.286---get
2016-02-13 11:08:48---0.28---get
2016-02-13 11:08:48---0.303---get
2016-02-13 11:08:48---1.564---get
2016-02-13 11:08:48---0.242---get
2016-02-13 11:08:48---0.336---get
2016-02-13 11:08:48---0.225---get
2016-02-13 11:08:48---0.321---get
2016-02-13 11:08:48---0.243---get
2016-02-13 11:08:48---0.287---get
2016-02-13 11:08:48---0.29---get
2016-02-13 11:09:24---0.376---get
2016-02-13 11:09:24---0.212---get
2016-02-13 11:09:24---0.278---get
2016-02-13 11:09:24---0.278---get
2016-02-13 11:09:24---0.335---get
2016-02-13 11:09:24---0.395---get
2016-02-13 11:09:24---0.329---get
2016-02-13 11:09:24---0.292---get
2016-02-13 11:09:24---0.294---get
2016-02-13 11:09:24---0.303---get
2016-02-13 11:09:24---0.364---get
2016-02-13 11:09:24---0.261---get
2016-02-13 11:09:24---0.266---get
2016-02-13 11:09:24---0.336---get
2016-02-13 11:09:24---0.345---get
2016-02-13 11:09:24---0.325---get
2016-02-13 11:09:24---0.258---get
2016-02-13 11:09:24---0.296---get
2016-02-13 11:09:24---0.399---get
2016-02-13 11:09:38---0.309---get
2016-02-13 11:09:38---0.236---get
2016-02-13 11:09:38---0.365---get
2016-02-13 11:09:38---0.357---get
2016-02-13 11:09:38---0.372---get
2016-02-13 11:09:38---0.265---get
2016-02-13 11:09:38---0.302---get
2016-02-13 11:09:38---0.252---get
2016-02-13 11:09:38---0.251---get
2016-02-13 11:09:38---0.333---get
2016-02-13 11:09:38---0.314---get
2016-02-13 11:09:38---0.324---get
2016-02-13 11:09:38---0.226---get
2016-02-13 11:09:38---0.236---get
2016-02-13 11:09:38---0.316---get
2016-02-13 11:09:38---0.251---get
2016-02-13 11:09:38---0.231---get
2016-02-13 11:09:38---0.299---get
2016-02-13 11:09:38---0.299---get
2016-02-13 11:20:45---5.915---get
2016-02-13 11:20:45---0.25---get
2016-02-13 11:20:45---0.268---get
2016-02-13 11:20:45---0.285---get
2016-02-13 11:20:45---0.302---get
2016-02-13 11:20:45---0.312---get
2016-02-13 11:20:45---0.263---get
2016-02-13 11:20:45---0.325---get
2016-02-13 11:20:45---0.301---get
2016-02-13 11:20:45---0.272---get
2016-02-13 11:20:45---0.353---get
2016-02-13 11:20:45---0.37---get
2016-02-13 11:20:45---0.32---get
2016-02-13 11:20:45---0.337---get
2016-02-13 11:20:45---0.315---get
2016-02-13 11:20:45---0.433---get
2016-02-13 11:20:45---0.376---get
2016-02-13 11:20:45---0.354---get
2016-02-13 11:20:45---0.348---get
2016-02-13 11:21:02---0.073---get
2016-02-13 11:21:02---0.044---get
2016-02-13 11:21:02---0.047---get
2016-02-13 11:21:02---0.048---get
2016-02-13 11:21:02---0.047---get
2016-02-13 11:21:02---0.044---get
2016-02-13 11:21:02---0.061---get
2016-02-13 11:21:02---0.062---get
2016-02-13 11:21:02---0.071---get
2016-02-13 11:21:02---0.061---get
2016-02-13 11:21:02---0.058---get
2016-02-13 11:21:02---0.046---get
2016-02-13 11:21:02---0.047---get
2016-02-13 11:21:02---0.048---get
2016-02-13 11:21:02---0.048---get
2016-02-13 11:21:02---0.047---get
2016-02-13 11:21:02---0.047---get
2016-02-13 11:21:02---0.046---get
2016-02-13 11:21:02---0.051---get
2016-02-13 11:22:48---0.076---get
2016-02-13 11:22:48---0.045---get
2016-02-13 11:22:48---0.056---get
2016-02-13 11:22:48---0.063---get
2016-02-13 11:22:48---0.061---get
2016-02-13 11:22:48---0.064---get
2016-02-13 11:22:48---0.048---get
2016-02-13 11:22:48---0.041---get
2016-02-13 11:22:48---0.048---get
2016-02-13 11:22:48---0.05---get
2016-02-13 11:22:48---0.052---get
2016-02-13 11:22:48---0.048---get
2016-02-13 11:22:48---0.045---get
2016-02-13 11:22:48---0.049---get
2016-02-13 11:22:48---0.061---get
2016-02-13 11:22:48---0.055---get
2016-02-13 11:22:48---0.049---get
2016-02-13 11:22:48---0.058---get
2016-02-13 11:22:48---0.064---get
2016-02-13 11:23:05---0.065---get
2016-02-13 11:23:05---0.046---get
2016-02-13 11:23:05---0.048---get
2016-02-13 11:23:05---0.05---get
2016-02-13 11:23:05---0.042---get
2016-02-13 11:23:05---0.085---get
2016-02-13 11:23:05---0.063---get
2016-02-13 11:23:05---0.06---get
2016-02-13 11:23:05---0.053---get
2016-02-13 11:23:05---0.045---get
2016-02-13 11:23:05---0.044---get
2016-02-13 11:23:05---0.045---get
2016-02-13 11:23:05---0.049---get
2016-02-13 11:23:05---0.053---get
2016-02-13 11:23:05---0.05---get
2016-02-13 11:23:05---0.051---get
2016-02-13 11:23:05---0.049---get
2016-02-13 11:23:05---0.059---get
2016-02-13 11:23:05---0.056---get
2016-02-13 11:23:10---0.062---get
2016-02-13 11:23:10---0.053---get
2016-02-13 11:23:10---0.047---get
2016-02-13 11:23:10---0.053---get
2016-02-13 11:23:10---0.062---get
2016-02-13 11:23:10---0.065---get
2016-02-13 11:23:10---0.065---get
2016-02-13 11:23:10---0.07---get
2016-02-13 11:23:10---0.052---get
2016-02-13 11:23:10---0.047---get
2016-02-13 11:23:10---0.047---get
2016-02-13 11:23:10---0.05---get
2016-02-13 11:23:10---0.046---get
2016-02-13 11:23:10---0.05---get
2016-02-13 11:23:10---0.051---get
2016-02-13 11:23:10---0.05---get
2016-02-13 11:23:10---0.048---get
2016-02-13 11:23:10---0.043---get
2016-02-13 11:23:10---0.048---get
2016-02-13 11:23:11---0.064---get
2016-02-13 11:23:11---0.045---get
2016-02-13 11:23:11---0.043---get
2016-02-13 11:23:11---0.049---get
2016-02-13 11:23:11---0.045---get
2016-02-13 11:23:11---0.058---get
2016-02-13 11:23:11---0.066---get
2016-02-13 11:23:11---0.056---get
2016-02-13 11:23:11---0.059---get
2016-02-13 11:23:11---0.049---get
2016-02-13 11:23:11---0.056---get
2016-02-13 11:23:11---0.045---get
2016-02-13 11:23:11---0.045---get
2016-02-13 11:23:11---0.058---get
2016-02-13 11:23:11---0.053---get
2016-02-13 11:23:11---0.045---get
2016-02-13 11:23:11---0.049---get
2016-02-13 11:23:11---0.048---get
2016-02-13 11:23:11---0.043---get
2016-02-13 12:34:46---0.065---get
2016-02-13 12:34:46---0.047---get
2016-02-13 12:34:46---0.043---get
2016-02-13 12:34:46---0.047---get
2016-02-13 12:34:46---0.056---get
2016-02-13 12:34:46---0.06---get
2016-02-13 12:34:46---0.062---get
2016-02-13 12:34:46---0.049---get
2016-02-13 12:34:46---0.043---get
2016-02-13 12:34:46---0.044---get
2016-02-13 12:34:46---0.046---get
2016-02-13 12:34:46---0.05---get
2016-02-13 12:34:46---0.05---get
2016-02-13 12:34:46---0.044---get
2016-02-13 12:34:46---0.044---get
2016-02-13 12:34:46---0.053---get
2016-02-13 12:34:46---0.055---get
2016-02-13 12:34:46---0.051---get
2016-02-13 12:34:46---0.045---get
2016-02-13 12:34:50---0.074---get
2016-02-13 12:34:50---0.045---get
2016-02-13 12:34:50---0.047---get
2016-02-13 12:34:50---0.051---get
2016-02-13 12:34:50---0.059---get
2016-02-13 12:34:50---0.059---get
2016-02-13 12:34:50---0.068---get
2016-02-13 12:34:50---0.059---get
2016-02-13 12:34:50---0.066---get
2016-02-13 12:34:50---0.051---get
2016-02-13 12:34:50---0.048---get
2016-02-13 12:34:50---0.045---get
2016-02-13 12:34:50---0.054---get
2016-02-13 12:34:50---0.056---get
2016-02-13 12:34:50---0.053---get
2016-02-13 12:34:50---0.046---get
2016-02-13 12:34:50---0.046---get
2016-02-13 12:34:50---0.051---get
2016-02-13 12:34:50---0.052---get
2016-02-13 12:38:32---0.084---get
2016-02-13 12:38:32---0.07---get
2016-02-13 12:38:32---0.058---get
2016-02-13 12:38:32---0.06---get
2016-02-13 12:38:32---0.06---get
2016-02-13 12:38:32---0.06---get
2016-02-13 12:38:32---0.079---get
2016-02-13 12:38:32---0.073---get
2016-02-13 12:38:32---0.059---get
2016-02-13 12:38:32---0.07---get
2016-02-13 12:38:32---0.06---get
2016-02-13 12:38:32---0.067---get
2016-02-13 12:38:32---0.059---get
2016-02-13 12:38:32---0.067---get
2016-02-13 12:38:32---0.057---get
2016-02-13 12:38:32---0.055---get
2016-02-13 12:38:32---0.06---get
2016-02-13 12:38:32---0.068---get
2016-02-13 12:38:32---0.077---get
2016-02-13 12:38:32---0.068---get
2016-02-13 12:38:32---0.073---get
2016-02-13 12:38:32---0.063---get
2016-02-13 12:38:32---0.062---get
2016-02-13 12:38:32---0.058---get
2016-02-13 12:38:32---0.067---get
2016-02-13 12:38:32---0.059---get
2016-02-13 12:38:32---0.07---get
2016-02-13 12:38:32---0.061---get
2016-02-13 12:38:32---0.064---get
2016-02-13 12:38:32---0.069---get
2016-02-13 12:38:32---0.064---get
2016-02-13 12:38:32---0.077---get
2016-02-13 12:38:32---0.071---get
2016-02-13 12:38:32---0.071---get
2016-02-13 12:38:32---0.073---get
2016-02-13 12:38:32---0.08---get
2016-02-13 12:38:32---0.075---get
2016-02-13 12:38:32---0.073---get
2016-02-13 12:38:47---0.086---get
2016-02-13 12:38:47---0.075---get
2016-02-13 12:38:47---0.055---get
2016-02-13 12:38:47---0.06---get
2016-02-13 12:38:47---0.063---get
2016-02-13 12:38:47---0.061---get
2016-02-13 12:38:47---0.063---get
2016-02-13 12:38:47---0.064---get
2016-02-13 12:38:47---0.065---get
2016-02-13 12:38:47---1.668---get
2016-02-13 12:38:47---0.064---get
2016-02-13 12:38:47---0.07---get
2016-02-13 12:38:47---0.068---get
2016-02-13 12:38:47---0.067---get
2016-02-13 12:38:47---0.056---get
2016-02-13 12:38:47---0.055---get
2016-02-13 12:38:47---0.061---get
2016-02-13 12:38:47---0.068---get
2016-02-13 12:38:47---0.071---get
2016-02-13 12:38:47---0.073---get
2016-02-13 12:38:47---0.074---get
2016-02-13 12:38:47---0.074---get
2016-02-13 12:38:47---0.072---get
2016-02-13 12:38:47---0.07---get
2016-02-13 12:38:47---0.078---get
2016-02-13 12:38:47---0.072---get
2016-02-13 12:38:47---0.061---get
2016-02-13 12:38:47---0.056---get
2016-02-13 12:38:47---0.06---get
2016-02-13 12:38:47---0.059---get
2016-02-13 12:38:47---0.064---get
2016-02-13 12:38:47---0.059---get
2016-02-13 12:38:47---0.06---get
2016-02-13 12:38:47---0.06---get
2016-02-13 12:38:47---0.063---get
2016-02-13 12:38:47---0.077---get
2016-02-13 12:38:47---0.066---get
2016-02-13 12:38:47---0.064---get
2016-02-13 12:39:26---0.076---mkdir
2016-02-13 12:39:26---0.158---mkdir
2016-02-13 12:50:09---0.059---mkdirnext
2016-02-13 12:50:53---0.081---mkdir
2016-02-13 12:50:53---0.141---mkdir
2016-02-13 12:50:53---0.749---mkdir
2016-02-13 12:50:53---0.522---mkdir
2016-02-13 12:50:53---0.098---ls
2016-02-13 12:51:02---0.08---get
2016-02-13 12:51:02---0.074---get
2016-02-13 12:51:02---0.069---get
2016-02-13 12:51:02---0.058---get
2016-02-13 12:51:02---0.072---get
2016-02-13 12:51:02---0.06---get
2016-02-13 12:51:02---0.073---get
2016-02-13 12:51:02---0.074---get
2016-02-13 12:51:02---0.076---get
2016-02-13 12:51:02---0.069---get
2016-02-13 12:51:02---0.06---get
2016-02-13 12:51:02---0.057---get
2016-02-13 12:51:02---0.056---get
2016-02-13 12:51:02---0.056---get
2016-02-13 12:51:02---0.056---get
2016-02-13 12:51:02---0.055---get
2016-02-13 12:51:02---0.055---get
2016-02-13 12:51:02---0.054---get
2016-02-13 12:51:02---0.075---get
2016-02-13 12:51:02---0.062---get
2016-02-13 12:51:02---0.101---get
2016-02-13 12:51:02---0.065---get
2016-02-13 12:51:02---0.081---get
2016-02-13 12:51:02---0.076---get
2016-02-13 12:51:02---0.063---get
2016-02-13 12:51:02---0.057---get
2016-02-13 12:51:02---0.054---get
2016-02-13 12:51:02---1.429---get
2016-02-13 12:51:02---0.068---get
2016-02-13 12:51:02---0.077---get
2016-02-13 12:51:02---0.074---get
2016-02-13 12:51:02---0.06---get
2016-02-13 12:51:02---0.108---get
2016-02-13 12:51:02---0.055---get
2016-02-13 12:51:02---0.069---get
2016-02-13 12:51:02---0.062---get
2016-02-13 12:51:02---0.065---get
2016-02-13 12:51:02---0.067---get
2016-02-13 12:51:20---0.065---mkdir
2016-02-13 12:51:20---0.129---mkdir
2016-02-13 12:51:20---0.454---mkdir
2016-02-13 12:51:20---0.558---mkdir
2016-02-13 12:51:20---0.105---ls
2016-02-13 12:51:26---0.069---mkdir
2016-02-13 12:51:26---0.128---mkdir
2016-02-13 12:51:26---0.375---mkdir
2016-02-13 12:51:26---0.523---mkdir
2016-02-13 12:51:26---0.093---ls
2016-02-13 12:52:25---0.085---get
2016-02-13 12:52:25---0.078---get
2016-02-13 12:52:25---0.062---get
2016-02-13 12:52:25---0.062---get
2016-02-13 12:52:25---0.061---get
2016-02-13 12:52:25---0.076---get
2016-02-13 12:52:25---0.079---get
2016-02-13 12:52:25---0.073---get
2016-02-13 12:52:25---0.067---get
2016-02-13 12:52:25---0.075---get
2016-02-13 12:52:25---0.065---get
2016-02-13 12:52:25---0.061---get
2016-02-13 12:52:25---0.059---get
2016-02-13 12:52:25---0.059---get
2016-02-13 12:52:25---0.064---get
2016-02-13 12:52:25---0.11---get
2016-02-13 12:52:25---0.059---get
2016-02-13 12:52:25---0.057---get
2016-02-13 12:52:25---0.062---get
2016-02-13 12:52:25---0.064---get
2016-02-13 12:52:25---0.069---get
2016-02-13 12:52:25---0.075---get
2016-02-13 12:52:25---0.075---get
2016-02-13 12:52:25---0.072---get
2016-02-13 12:52:25---0.072---get
2016-02-13 12:52:25---0.074---get
2016-02-13 12:52:25---0.061---get
2016-02-13 12:52:25---0.064---get
2016-02-13 12:52:25---0.061---get
2016-02-13 12:52:25---0.056---get
2016-02-13 12:52:25---0.058---get
2016-02-13 12:52:25---0.065---get
2016-02-13 12:52:25---0.061---get
2016-02-13 12:52:25---0.058---get
2016-02-13 12:52:25---0.063---get
2016-02-13 12:52:25---0.058---get
2016-02-13 12:52:25---0.06---get
2016-02-13 12:52:25---0.06---get
2016-02-13 12:52:44---0.084---get
2016-02-13 12:52:44---0.083---get
2016-02-13 12:52:44---0.073---get
2016-02-13 12:52:44---0.059---get
2016-02-13 12:52:44---0.073---get
2016-02-13 12:52:44---0.071---get
2016-02-13 12:52:44---0.088---get
2016-02-13 12:52:44---0.077---get
2016-02-13 12:52:44---0.071---get
2016-02-13 12:52:44---0.067---get
2016-02-13 12:52:44---0.06---get
2016-02-13 12:52:44---0.06---get
2016-02-13 12:52:44---0.054---get
2016-02-13 12:52:44---0.102---get
2016-02-13 12:52:44---0.064---get
2016-02-13 12:52:44---0.074---get
2016-02-13 12:52:44---0.059---get
2016-02-13 12:52:44---0.061---get
2016-02-13 12:52:44---0.065---get
2016-02-13 12:52:44---0.071---get
2016-02-13 12:52:44---0.069---get
2016-02-13 12:52:44---0.112---get
2016-02-13 12:52:44---0.065---get
2016-02-13 12:52:44---0.059---get
2016-02-13 12:52:44---0.061---get
2016-02-13 12:52:44---0.062---get
2016-02-13 12:52:44---0.067---get
2016-02-13 12:52:44---0.059---get
2016-02-13 12:52:44---0.058---get
2016-02-13 12:52:44---0.076---get
2016-02-13 12:52:44---0.061---get
2016-02-13 12:52:44---0.062---get
2016-02-13 12:52:44---0.058---get
2016-02-13 12:52:44---0.06---get
2016-02-13 12:52:44---0.056---get
2016-02-13 12:52:44---0.062---get
2016-02-13 12:52:44---0.077---get
2016-02-13 12:52:44---0.066---get
2016-02-13 12:52:48---0.104---get
2016-02-13 12:52:48---0.073---get
2016-02-13 12:52:48---0.058---get
2016-02-13 12:52:48---0.058---get
2016-02-13 12:52:48---0.057---get
2016-02-13 12:52:48---0.087---get
2016-02-13 12:52:48---0.078---get
2016-02-13 12:52:48---0.072---get
2016-02-13 12:52:48---0.077---get
2016-02-13 12:52:48---0.067---get
2016-02-13 12:52:48---0.059---get
2016-02-13 12:52:48---0.061---get
2016-02-13 12:52:48---0.056---get
2016-02-13 12:52:48---0.055---get
2016-02-13 12:52:48---0.059---get
2016-02-13 12:52:48---0.06---get
2016-02-13 12:52:48---0.068---get
2016-02-13 12:52:48---0.061---get
2016-02-13 12:52:48---0.062---get
2016-02-13 12:52:48---0.062---get
2016-02-13 12:52:48---0.062---get
2016-02-13 12:52:48---0.068---get
2016-02-13 12:52:48---0.064---get
2016-02-13 12:52:48---0.073---get
2016-02-13 12:52:48---0.077---get
2016-02-13 12:52:48---0.072---get
2016-02-13 12:52:48---0.063---get
2016-02-13 12:52:48---0.061---get
2016-02-13 12:52:48---0.057---get
2016-02-13 12:52:48---0.058---get
2016-02-13 12:52:48---0.065---get
2016-02-13 12:52:48---0.059---get
2016-02-13 12:52:48---0.057---get
2016-02-13 12:52:48---0.063---get
2016-02-13 12:52:48---0.057---get
2016-02-13 12:52:48---0.087---get
2016-02-13 12:52:48---0.091---get
2016-02-13 12:52:48---0.074---get
2016-02-13 12:52:51---0.071---mkdir
2016-02-13 12:52:51---0.146---mkdir
2016-02-13 12:55:50---0.06---mkdirnext
2016-02-13 12:56:09---0.076---mkdir
2016-02-13 12:56:09---0.155---mkdir
2016-02-13 12:56:09---0.124---mkdirnext
2016-02-13 12:56:09---0.061---getMaxKey
2016-02-13 12:56:09---0.029---getMinKey
2016-02-13 12:56:09---0.034---getLength
2016-02-13 13:15:40---0.061---mkdirnext
2016-02-13 13:15:55---0.079---mkdir
2016-02-13 13:15:55---0.141---mkdir
2016-02-13 13:15:55---0.059---mkdirnext
2016-02-13 13:15:55---0.028---getMaxKey
2016-02-13 13:15:55---0.025---getMinKey
2016-02-13 13:15:55---0.064---getLength
2016-02-13 13:24:05---0.055---mkdirnext
2016-02-13 13:24:17---0.073---mkdir
2016-02-13 13:24:17---0.144---mkdir
2016-02-13 13:24:17---0.073---mkdirnext
2016-02-13 13:24:17---0.037---getMaxKey
2016-02-13 13:24:17---0.034---getMinKey
2016-02-13 13:24:17---0.06---getLength
2016-02-13 13:25:04---0.048---mkdirnext
2016-02-13 13:25:13---0.074---mkdir
2016-02-13 13:25:13---0.14---mkdir
2016-02-13 13:33:16---0.05---mkdirnext
2016-02-13 13:33:29---0.075---mkdir
2016-02-13 13:33:29---0.31---mkdir
2016-02-13 13:33:29---0.183---mkdir
2016-02-13 13:33:29---0.235---mkdir
2016-02-13 13:33:29---0.121---ls
2016-02-13 13:35:07---0.076---mkdir
2016-02-13 13:35:07---0.136---mkdir
2016-02-13 13:35:07---0.058---mkdirnext
2016-02-13 13:35:07---0.028---getMaxKey
2016-02-13 13:35:07---0.031---getMinKey
2016-02-13 13:35:07---0.057---getLength
2016-02-13 14:00:26---0.05---mkdirnext
2016-02-13 14:00:26---0.046---mkdir
2016-02-13 14:00:26---0.163---mkdir
2016-02-13 14:00:36---0.077---mkdir
2016-02-13 14:00:36---0.146---mkdir
2016-02-13 14:07:22---0.062---mkdirnext
2016-02-13 14:07:39---0.077---mkdir
2016-02-13 14:07:39---0.153---mkdir
2016-02-13 14:07:51---0.05---mkdirnext
2016-02-13 14:46:14---0.116---mkdir
2016-02-13 14:46:14---0.143---mkdir
2016-02-13 14:47:38---0.061---mkdirnext
2016-02-13 14:47:38---0.094---get
2016-02-13 14:47:38---0.101---get
2016-02-13 14:47:38---0.076---get
2016-02-13 14:47:38---0.07---get
2016-02-13 14:47:38---0.103---get
2016-02-13 14:47:38---0.07---get
2016-02-13 14:47:38---0.074---get
2016-02-13 14:47:38---0.076---get
2016-02-13 14:47:38---0.075---get
2016-02-13 14:47:38---0.071---get
2016-02-13 14:47:39---0.076---get
2016-02-13 14:47:39---0.076---get
2016-02-13 14:47:39---0.087---get
2016-02-13 14:47:39---0.075---get
2016-02-13 14:47:39---0.077---get
2016-02-13 14:47:39---0.063---get
2016-02-13 14:47:39---0.314---get
2016-02-13 14:47:39---0.072---get
2016-02-13 14:47:39---0.061---get
2016-02-13 14:47:39---0.058---get
2016-02-13 14:47:39---0.057---get
2016-02-13 14:47:39---0.054---get
2016-02-13 14:47:39---0.099---get
2016-02-13 14:47:39---0.054---get
2016-02-13 14:47:39---0.055---get
2016-02-13 14:47:39---0.057---get
2016-02-13 14:47:39---0.06---get
2016-02-13 14:47:39---0.058---get
2016-02-13 14:47:39---0.071---get
2016-02-13 14:47:39---0.065---get
2016-02-13 14:47:39---0.063---get
2016-02-13 14:47:39---0.059---get
2016-02-13 14:47:39---0.069---get
2016-02-13 14:47:39---0.069---get
2016-02-13 14:47:39---0.07---get
2016-02-13 14:47:39---0.119---get
2016-02-13 14:47:39---0.064---get
2016-02-13 14:47:39---0.062---get
2016-02-13 14:47:49---0.078---mkdir
2016-02-13 14:47:49---0.185---mkdir
2016-02-13 14:47:49---0.07---mkdirnext
2016-02-13 14:47:49---0.037---getMaxKey
2016-02-13 14:47:49---0.032---getMinKey
2016-02-13 14:47:49---0.068---getLength
2016-02-13 14:49:01---0.058---mkdirnext
2016-02-13 14:49:29---0.089---mkdir
2016-02-13 14:49:29---0.174---mkdir
2016-02-13 14:49:29---0.067---mkdirnext
2016-02-13 14:49:29---0.036---getMaxKey
2016-02-13 14:49:29---0.034---getMinKey
2016-02-13 14:49:29---0.074---getLength
2016-02-13 14:56:32---0.059---mkdirnext
2016-02-13 14:56:45---0.08---mkdir
2016-02-13 14:56:45---0.141---mkdir
2016-02-13 14:56:55---0.211---mkdirnext
2016-02-13 14:57:07---0.084---mkdir
2016-02-13 14:57:07---0.14---mkdir
2016-02-13 15:09:38---0.059---mkdirnext
2016-02-13 15:09:54---0.074---mkdir
2016-02-13 15:09:54---0.168---mkdir
2016-02-13 15:09:54---0.067---mkdirnext
2016-02-13 15:09:54---0.038---getMaxKey
2016-02-13 15:09:54---0.036---getMinKey
2016-02-13 15:09:54---0.059---getLength
2016-02-13 15:11:50---0.071---mkdirnext
2016-02-13 15:12:05---0.077---mkdir
2016-02-13 15:12:05---0.185---mkdir
2016-02-13 15:12:05---0.07---mkdirnext
2016-02-13 15:12:05---0.03---getMaxKey
2016-02-13 15:12:05---0.023---getMinKey
2016-02-13 15:12:05---0.059---getLength
2016-02-13 15:19:58---0.055---mkdirnext
2016-02-13 15:20:14---0.08---mkdir
2016-02-13 15:20:14---0.144---mkdir
2016-02-13 15:42:00---0.059---mkdirnext
2016-02-13 15:42:12---0.077---mkdir
2016-02-13 15:42:12---0.143---mkdir
2016-02-13 15:42:12---0.066---mkdirnext
2016-02-13 15:42:12---0.029---getMaxKey
2016-02-13 15:42:12---0.028---getMinKey
2016-02-13 15:42:12---0.059---getLength
2016-02-13 16:01:01---0.058---mkdirnext
2016-02-13 16:01:01---0.028---getMaxKey
2016-02-13 16:01:01---0.024---getMinKey
2016-02-13 16:01:01---0.031---getLength
2016-02-13 16:01:01---0.051---mkdirnext
2016-02-13 16:01:01---0.113---split
2016-02-13 16:01:01---8.006---mkdir
2016-02-13 16:01:01---0.161---ls
2016-02-13 16:01:20---0.075---mkdir
2016-02-13 16:01:20---0.145---mkdir
2016-02-13 16:01:20---0.065---mkdirnext
2016-02-13 16:01:20---0.04---getMaxKey
2016-02-13 16:01:20---0.039---getMinKey
2016-02-13 16:01:20---0.062---getLength
2016-02-13 16:02:58---0.064---mkdirnext
2016-02-13 16:03:10---0.082---mkdir
2016-02-13 16:03:10---0.152---mkdir
2016-02-13 16:04:25---0.061---mkdirnext
2016-02-13 16:04:25---10.192---mkdir
2016-02-13 16:04:25---0.143---ls
2016-02-13 16:04:34---0.075---mkdir
2016-02-13 16:04:34---0.186---mkdir
2016-02-13 16:04:34---0.064---mkdirnext
2016-02-13 16:04:34---0.042---getMaxKey
2016-02-13 16:04:34---0.031---getMinKey
2016-02-13 16:04:34---0.036---getLength
2016-02-13 16:04:43---0.262---mkdirnext
2016-02-13 16:04:43---0.03---getMaxKey
2016-02-13 16:04:43---0.024---getMinKey
2016-02-13 16:04:43---0.032---getLength
2016-02-13 16:04:43---0.061---mkdirnext
2016-02-13 16:04:43---0.137---split
2016-02-13 16:04:43---10.477---mkdir
2016-02-13 16:04:43---0.13---ls
2016-02-13 16:04:57---0.076---mkdir
2016-02-13 16:04:57---0.149---mkdir
2016-02-13 16:06:01---0.064---mkdirnext
2016-02-13 16:06:01---0.062---mkdirnext
2016-02-13 16:06:01---0.031---getMaxKey
2016-02-13 16:06:01---0.028---getMinKey
2016-02-13 16:06:01---0.057---getLength
2016-02-13 16:06:02---0.058---mkdirnext
2016-02-13 16:06:02---0.087---ls
2016-02-13 16:06:17---0.082---mkdir
2016-02-13 16:06:17---0.144---mkdir
2016-02-13 16:07:33---0.249---mkdirnext
2016-02-13 16:07:44---0.072---mkdir
2016-02-13 16:07:44---0.16---mkdir
2016-02-13 16:07:44---0.066---mkdirnext
2016-02-13 16:07:44---0.036---getMaxKey
2016-02-13 16:07:44---0.056---getMinKey
2016-02-13 16:07:44---0.043---getLength
2016-02-13 16:10:36---0.057---mkdirnext
2016-02-13 16:10:36---0.033---getMaxKey
2016-02-13 16:10:36---0.031---getMinKey
2016-02-13 16:10:36---0.057---getLength
2016-02-13 16:10:36---0.06---mkdirnext
2016-02-13 16:10:36---0.131---split
2016-02-13 16:10:36---15.795---mkdir
2016-02-13 16:10:36---0.135---ls
2016-02-13 16:10:51---0.074---mkdir
2016-02-13 16:10:51---0.151---mkdir
2016-02-13 16:10:51---0.063---mkdirnext
2016-02-13 16:10:51---0.043---getMaxKey
2016-02-13 16:10:51---0.031---getMinKey
2016-02-13 16:10:51---0.059---getLength
2016-02-13 16:11:42---0.063---mkdirnext
2016-02-13 16:11:42---0.032---getMaxKey
2016-02-13 16:11:42---0.026---getMinKey
2016-02-13 16:11:42---0.043---getLength
2016-02-13 16:11:42---0.057---mkdirnext
2016-02-13 16:11:42---0.131---split
2016-02-13 16:11:42---22.386---mkdir
2016-02-13 16:11:42---0.115---ls
2016-02-13 16:11:55---0.076---mkdir
2016-02-13 16:11:55---0.148---mkdir
2016-02-13 16:11:55---0.055---mkdirnext
2016-02-13 16:11:55---0.036---getMaxKey
2016-02-13 16:11:55---0.033---getMinKey
2016-02-13 16:11:55---0.059---getLength
2016-02-13 16:12:45---0.059---mkdirnext
2016-02-13 16:12:45---3.948---mkdir
2016-02-13 16:12:45---0.12---ls
2016-02-13 16:12:56---0.077---mkdir
2016-02-13 16:12:56---0.155---mkdir
2016-02-13 16:18:59---0.061---mkdirnext
2016-02-13 16:18:59---0.061---mkdirnext
2016-02-13 16:18:59---0.031---getMaxKey
2016-02-13 16:18:59---0.024---getMinKey
2016-02-13 16:18:59---0.048---getLength
2016-02-13 16:19:00---0.059---mkdirnext
2016-02-13 16:19:00---0.087---ls
2016-02-13 16:19:13---0.075---mkdir
2016-02-13 16:19:13---0.15---mkdir
2016-02-13 16:19:13---0.071---mkdirnext
2016-02-13 16:19:13---0.038---getMaxKey
2016-02-13 16:19:13---0.032---getMinKey
2016-02-13 16:19:13---0.061---getLength
2016-02-13 16:19:13---0.073---mkdirnext
2016-02-13 16:19:13---0.158---split
2016-02-13 16:19:13---12.928---mkdir
2016-02-13 16:19:13---0.032---getMaxKey
2016-02-13 16:19:13---0.028---getMinKey
2016-02-13 16:19:13---0.056---getLength
2016-02-13 16:19:13---0.055---mkdirnext
2016-02-13 16:19:13---0.122---split
2016-02-13 16:19:13---8.495---mkdir
2016-02-13 16:19:13---0.098---ls
2016-02-13 17:36:15---0.078---mkdir
2016-02-13 17:36:15---0.144---mkdir
2016-02-13 17:36:15---0.062---mkdirnext
2016-02-13 17:36:15---0.038---getMaxKey
2016-02-13 17:36:15---0.033---getMinKey
2016-02-13 17:36:15---0.059---getLength
2016-02-13 17:36:15---0.124---mkdirnext
2016-02-13 17:36:15---0.121---split
2016-02-13 17:36:15---14.095---mkdir
2016-02-13 17:36:15---0.038---getMaxKey
2016-02-13 17:36:15---0.033---getMinKey
2016-02-13 17:36:15---0.045---getLength
2016-02-13 17:36:15---0.058---mkdirnext
2016-02-13 17:36:15---0.107---split
2016-02-13 17:36:15---10.654---mkdir
2016-02-13 17:36:15---0.101---ls
2016-02-13 17:45:14---0.073---mkdir
2016-02-13 17:45:14---0.152---mkdir
2016-02-13 17:45:14---0.068---mkdirnext
2016-02-13 17:45:14---0.036---getMaxKey
2016-02-13 17:45:14---0.036---getMinKey
2016-02-13 17:45:14---0.052---getLength
2016-02-13 17:45:14---0.054---mkdirnext
2016-02-13 17:45:14---0.127---split
2016-02-13 17:45:14---13.93---mkdir
2016-02-13 17:45:14---0.033---getMaxKey
2016-02-13 17:45:14---0.027---getMinKey
2016-02-13 17:45:14---0.047---getLength
2016-02-13 17:45:14---0.048---mkdirnext
2016-02-13 17:45:14---0.117---split
2016-02-13 17:45:14---8.479---mkdir
2016-02-13 17:45:14---0.096---ls
2016-02-13 17:45:57---0.113---mkdir
2016-02-13 17:45:57---0.13---mkdir
2016-02-13 17:45:57---0.06---mkdirnext
2016-02-13 17:45:57---0.027---getMaxKey
2016-02-13 17:45:57---0.025---getMinKey
2016-02-13 17:45:57---0.05---getLength
2016-02-13 17:45:57---0.061---mkdirnext
2016-02-13 17:45:57---0.134---split
2016-02-13 17:45:57---10.634---mkdir
2016-02-13 17:45:57---0.036---getMaxKey
2016-02-13 17:45:57---0.031---getMinKey
2016-02-13 17:45:57---0.051---getLength
2016-02-13 17:45:57---0.058---mkdirnext
2016-02-13 17:45:57---0.139---split
2016-02-13 17:45:57---9.455---mkdir
2016-02-13 17:45:57---0.275---ls
2016-02-13 17:48:08---0.077---mkdir
2016-02-13 17:48:08---0.142---mkdir
2016-02-13 17:48:08---0.074---mkdirnext
2016-02-13 17:48:08---0.038---getMaxKey
2016-02-13 17:48:08---0.038---getMinKey
2016-02-13 17:48:08---0.059---getLength
2016-02-13 17:48:08---0.063---mkdirnext
2016-02-13 17:48:08---0.141---split
2016-02-13 17:48:08---14.265---mkdir
2016-02-13 17:48:08---0.031---getMaxKey
2016-02-13 17:48:08---0.025---getMinKey
2016-02-13 17:48:08---0.051---getLength
2016-02-13 17:48:08---0.055---mkdirnext
2016-02-13 17:48:08---0.126---split
2016-02-13 17:48:08---9.061---mkdir
2016-02-13 17:48:08---0.1---ls
2016-02-13 17:54:19---0.081---mkdir
2016-02-13 17:54:19---0.149---mkdir
2016-02-13 17:54:19---0.068---mkdirnext
2016-02-13 17:54:19---0.028---getMaxKey
2016-02-13 17:54:19---0.022---getMinKey
2016-02-13 17:54:19---0.041---getLength
2016-02-13 17:54:19---0.062---mkdirnext
2016-02-13 17:54:19---0.053---split
2016-02-13 17:54:19---13.192---mkdir
2016-02-13 17:54:19---0.031---getMaxKey
2016-02-13 17:54:19---0.024---getMinKey
2016-02-13 17:54:19---0.059---getLength
2016-02-13 17:54:19---0.055---mkdirnext
2016-02-13 17:54:19---0.06---split
2016-02-13 17:54:19---10.523---mkdir
2016-02-13 17:54:19---0.109---ls
2016-02-13 17:57:51---0.078---mkdir
2016-02-13 17:57:51---0.165---mkdir
2016-02-13 17:57:51---0.067---mkdirnext
2016-02-13 17:57:51---0.033---getMaxKey
2016-02-13 17:57:51---0.03---getMinKey
2016-02-13 17:57:51---0.033---getLength
2016-02-13 17:57:51---0.053---mkdirnext
2016-02-13 17:57:51---0.054---split
2016-02-13 17:57:51---12.061---mkdir
2016-02-13 17:57:51---0.032---getMaxKey
2016-02-13 17:57:51---0.026---getMinKey
2016-02-13 17:57:51---0.05---getLength
2016-02-13 17:57:51---0.053---mkdirnext
2016-02-13 17:57:51---0.052---split
2016-02-13 17:57:51---8.426---mkdir
2016-02-13 17:57:51---0.095---ls
2016-02-13 17:58:08---0.073---mkdir
2016-02-13 17:58:08---0.161---mkdir
2016-02-13 17:58:08---0.081---mkdirnext
2016-02-13 17:58:08---0.036---getMaxKey
2016-02-13 17:58:08---0.031---getMinKey
2016-02-13 17:58:08---0.062---getLength
2016-02-13 17:58:08---0.089---mkdirnext
2016-02-13 17:58:08---0.041---split
2016-02-13 17:58:08---0.027---mkdir
2016-02-13 17:58:08---14.535---mkdir
2016-02-13 17:58:08---0.03---getMaxKey
2016-02-13 17:58:08---0.026---getMinKey
2016-02-13 17:58:08---0.05---getLength
2016-02-13 17:58:08---0.049---mkdirnext
2016-02-13 17:58:08---0.049---split
2016-02-13 17:58:08---0.036---mkdir
2016-02-13 17:58:08---10.444---mkdir
2016-02-13 17:58:08---0.093---ls
2016-02-13 18:00:48---0.07---mkdir
2016-02-13 18:00:48---0.148---mkdir
2016-02-13 18:00:48---0.058---mkdirnext
2016-02-13 18:00:48---0.034---getMaxKey
2016-02-13 18:00:48---0.035---getMinKey
2016-02-13 18:00:48---0.057---getLength
2016-02-13 18:00:48---0.077---mkdirnext
2016-02-13 18:00:48---0.065---split
2016-02-13 18:00:48---0.027---mkdir
2016-02-13 18:00:48---15.123---mkdir
2016-02-13 18:00:48---0.029---getMaxKey
2016-02-13 18:00:48---0.023---getMinKey
2016-02-13 18:00:48---0.032---getLength
2016-02-13 18:00:48---0.055---mkdirnext
2016-02-13 18:00:48---0.055---split
2016-02-13 18:00:48---0.026---mkdir
2016-02-13 18:00:48---9.818---mkdir
2016-02-13 18:00:48---0.095---ls
2016-02-13 18:06:53---0.076---mkdir
2016-02-13 18:06:53---0.155---mkdir
2016-02-13 18:06:53---0.071---mkdirnext
2016-02-13 18:06:53---0.038---getMaxKey
2016-02-13 18:06:53---0.036---getMinKey
2016-02-13 18:06:53---0.058---getLength
2016-02-13 18:06:53---0.071---mkdirnext
2016-02-13 18:06:53---0.046---split
2016-02-13 18:06:53---0.025---mkdir
2016-02-13 18:06:53---17.316---mkdir
2016-02-13 18:06:53---0.029---getMaxKey
2016-02-13 18:06:53---0.025---getMinKey
2016-02-13 18:06:53---0.051---getLength
2016-02-13 18:06:53---0.052---mkdirnext
2016-02-13 18:06:53---0.05---split
2016-02-13 18:06:53---0.025---mkdir
2016-02-13 18:06:53---9.531---mkdir
2016-02-13 18:06:53---0.137---ls
2016-02-13 18:09:42---0.088---mkdir
2016-02-13 18:09:42---0.178---mkdir
2016-02-13 18:09:42---0.058---mkdirnext
2016-02-13 18:09:42---0.037---getMaxKey
2016-02-13 18:09:42---0.034---getMinKey
2016-02-13 18:09:42---0.043---getLength
2016-02-13 18:09:42---0.061---mkdirnext
2016-02-13 18:09:42---0.051---split
2016-02-13 18:09:42---0.032---mkdir
2016-02-13 18:09:42---16.921---mkdir
2016-02-13 18:09:42---0.035---getMaxKey
2016-02-13 18:09:42---0.023---getMinKey
2016-02-13 18:09:42---0.032---getLength
2016-02-13 18:09:42---0.049---mkdirnext
2016-02-13 18:09:42---0.053---split
2016-02-13 18:09:42---0.023---mkdir
2016-02-13 18:09:42---11.017---mkdir
2016-02-13 18:09:42---0.088---ls
2016-02-13 18:11:27---0.082---mkdir
2016-02-13 18:11:27---0.173---mkdir
2016-02-13 18:11:27---0.074---mkdirnext
2016-02-13 18:11:27---0.04---getMaxKey
2016-02-13 18:11:27---0.035---getMinKey
2016-02-13 18:11:27---0.033---getLength
2016-02-13 18:11:27---0.051---mkdirnext
2016-02-13 18:11:27---0.054---split
2016-02-13 18:11:27---0.026---mkdir
2016-02-13 18:11:27---14.75---mkdir
2016-02-13 18:11:27---0.029---getMaxKey
2016-02-13 18:11:27---0.024---getMinKey
2016-02-13 18:11:27---0.052---getLength
2016-02-13 18:11:27---0.05---mkdirnext
2016-02-13 18:11:27---0.038---split
2016-02-13 18:11:27---0.033---mkdir
2016-02-13 18:11:27---10.956---mkdir
2016-02-13 18:11:27---0.363---ls
2016-02-13 18:13:20---0.072---mkdir
2016-02-13 18:13:20---0.197---mkdir
2016-02-13 18:13:20---0.069---mkdirnext
2016-02-13 18:13:20---0.037---getMaxKey
2016-02-13 18:13:20---0.031---getMinKey
2016-02-13 18:13:20---0.06---getLength
2016-02-13 18:13:20---0.064---mkdirnext
2016-02-13 18:13:20---0.051---split
2016-02-13 18:13:20---0.039---mkdir
2016-02-13 18:13:20---16.131---mkdir
2016-02-13 18:13:20---0.032---getMaxKey
2016-02-13 18:13:20---0.023---getMinKey
2016-02-13 18:13:20---0.05---getLength
2016-02-13 18:13:20---0.054---mkdirnext
2016-02-13 18:13:20---0.053---split
2016-02-13 18:13:20---0.027---mkdir
2016-02-13 18:13:20---10.182---mkdir
2016-02-13 18:13:20---0.095---ls
2016-02-13 18:14:40---0.076---mkdir
2016-02-13 18:14:40---0.151---mkdir
2016-02-13 18:14:40---0.09---mkdirnext
2016-02-13 18:14:40---0.041---getMaxKey
2016-02-13 18:14:40---0.033---getMinKey
2016-02-13 18:14:40---0.041---getLength
2016-02-13 18:14:40---0.061---mkdirnext
2016-02-13 18:14:40---0.044---split
2016-02-13 18:14:40---0.025---mkdir
2016-02-13 18:14:40---17.102---mkdir
2016-02-13 18:14:40---0.029---getMaxKey
2016-02-13 18:14:40---0.026---getMinKey
2016-02-13 18:14:40---0.05---getLength
2016-02-13 18:14:40---0.105---mkdirnext
2016-02-13 18:14:40---0.05---split
2016-02-13 18:14:40---0.026---mkdir
2016-02-13 18:14:40---10.359---mkdir
2016-02-13 18:14:40---0.095---ls
2016-02-13 18:20:03---0.073---mkdir
2016-02-13 18:20:03---0.127---mkdir
2016-02-13 18:20:03---0.055---mkdirnext
2016-02-13 18:20:03---0.024---getMaxKey
2016-02-13 18:20:03---0.024---getMinKey
2016-02-13 18:20:03---0.048---getLength
2016-02-13 18:20:03---0.06---mkdirnext
2016-02-13 18:20:03---0.052---split
2016-02-13 18:20:03---0.03---mkdir
2016-02-13 18:20:03---18.159---mkdir
2016-02-13 18:20:03---0.028---getMaxKey
2016-02-13 18:20:03---0.024---getMinKey
2016-02-13 18:20:03---0.063---getLength
2016-02-13 18:20:03---0.071---mkdirnext
2016-02-13 18:20:03---0.059---split
2016-02-13 18:20:03---0.03---mkdir
2016-02-13 18:20:03---12.449---mkdir
2016-02-13 18:20:03---0.218---ls
2016-02-13 18:20:20---0.075---mkdir
2016-02-13 18:20:20---0.143---mkdir
2016-02-13 18:20:20---0.083---mkdirnext
2016-02-13 18:20:20---0.034---getMaxKey
2016-02-13 18:20:20---0.032---getMinKey
2016-02-13 18:20:20---0.039---getLength
2016-02-13 18:20:20---0.052---mkdirnext
2016-02-13 18:20:20---0.054---split
2016-02-13 18:20:20---0.032---mkdir
2016-02-13 18:20:20---16.03---mkdir
2016-02-13 18:20:20---0.033---getMaxKey
2016-02-13 18:20:20---0.025---getMinKey
2016-02-13 18:20:20---0.034---getLength
2016-02-13 18:20:20---0.059---mkdirnext
2016-02-13 18:20:20---0.061---split
2016-02-13 18:20:20---0.029---mkdir
2016-02-13 18:20:20---11.748---mkdir
2016-02-13 18:20:20---0.095---ls
2016-02-13 19:43:47---0.077---mkdir
2016-02-13 19:43:47---0.147---mkdir
2016-02-13 19:43:47---0.068---mkdirnext
2016-02-13 19:43:47---0.039---getMaxKey
2016-02-13 19:43:47---0.038---getMinKey
2016-02-13 19:43:47---0.041---getLength
2016-02-13 19:43:47---0.055---mkdirnext
2016-02-13 19:43:47---0.054---split
2016-02-13 19:43:47---0.028---mkdir
2016-02-13 19:43:47---15.521---mkdir
2016-02-13 19:43:47---0.026---getMaxKey
2016-02-13 19:43:47---0.023---getMinKey
2016-02-13 19:43:47---0.051---getLength
2016-02-13 19:43:47---0.054---mkdirnext
2016-02-13 19:43:47---0.056---split
2016-02-13 19:43:47---0.034---mkdir
2016-02-13 19:43:47---11.753---mkdir
2016-02-13 19:43:47---0.348---ls
2016-02-13 19:44:13---0.058---mkdirnext
2016-02-13 19:44:13---0.045---insert
2016-02-13 19:44:13---0.054---insert
2016-02-13 19:44:13---0.054---insert
2016-02-13 19:44:13---0.06---insert
2016-02-13 19:44:13---0.059---insert
2016-02-13 19:44:13---0.063---insert
2016-02-13 19:44:13---0.105---insert
2016-02-13 19:44:13---0.059---insert
2016-02-13 19:44:13---0.05---insert
2016-02-13 19:44:13---0.047---insert
2016-02-13 19:44:13---0.052---insert
2016-02-13 19:44:13---0.052---insert
2016-02-13 19:44:13---0.051---insert
2016-02-13 19:44:13---0.049---insert
2016-02-13 19:44:13---0.049---insert
2016-02-13 19:44:13---0.047---insert
2016-02-13 19:44:13---0.051---insert
2016-02-13 19:44:13---0.056---insert
2016-02-13 19:44:13---0.074---insert
2016-02-13 19:44:13---0.077---insert
2016-02-13 19:44:13---0.084---insert
2016-02-13 19:44:13---0.069---insert
2016-02-13 19:44:13---0.047---insert
2016-02-13 19:44:13---0.046---insert
2016-02-13 19:44:13---0.083---insert
2016-02-13 19:44:13---0.051---insert
2016-02-13 19:44:13---0.047---insert
2016-02-13 19:44:13---0.055---insert
2016-02-13 19:44:13---0.045---insert
2016-02-13 19:44:13---0.047---insert
2016-02-13 19:44:13---0.067---insert
2016-02-13 19:44:13---0.081---insert
2016-02-13 19:44:13---0.061---insert
2016-02-13 19:44:13---0.065---insert
2016-02-13 19:44:13---0.065---insert
2016-02-13 19:44:13---0.056---insert
2016-02-13 19:44:13---0.06---insert
2016-02-13 19:44:13---0.063---insert
2016-02-13 19:44:13---0.052---insert
2016-02-13 19:44:13---0.828---ls
2016-02-13 19:44:13---0.055---mkdirnext
2016-02-13 19:44:13---0.053---insert
2016-02-13 19:44:13---0.053---insert
2016-02-13 19:44:13---0.051---insert
2016-02-13 19:44:13---0.05---insert
2016-02-13 19:44:13---0.052---insert
2016-02-13 19:44:13---0.051---insert
2016-02-13 19:44:13---0.056---insert
2016-02-13 19:44:13---0.072---insert
2016-02-13 19:44:13---0.067---insert
2016-02-13 19:44:13---0.063---insert
2016-02-13 19:44:13---0.056---insert
2016-02-13 19:44:13---0.05---insert
2016-02-13 19:44:13---0.048---insert
2016-02-13 19:44:13---0.055---insert
2016-02-13 19:44:13---0.053---insert
2016-02-13 19:44:13---0.049---insert
2016-02-13 19:44:13---0.053---insert
2016-02-13 19:44:13---0.054---insert
2016-02-13 19:44:13---0.056---insert
2016-02-13 19:44:13---37.896---split
2016-02-13 19:44:13---0.454---ls
2016-02-13 19:44:13---0.463---ls
2016-02-13 19:45:25---0.114---mkdir
2016-02-13 19:45:25---0.134---mkdir
2016-02-13 19:45:25---0.052---mkdirnext
2016-02-13 19:45:25---0.025---getMaxKey
2016-02-13 19:45:25---0.031---getMinKey
2016-02-13 19:45:25---0.04---getLength
2016-02-13 19:45:25---0.06---mkdirnext
2016-02-13 19:45:25---0.054---split
2016-02-13 19:45:25---0.033---mkdir
2016-02-13 19:45:25---18.186---mkdir
2016-02-13 19:45:25---0.03---getMaxKey
2016-02-13 19:45:25---0.025---getMinKey
2016-02-13 19:45:25---0.049---getLength
2016-02-13 19:45:25---0.053---mkdirnext
2016-02-13 19:45:25---0.05---split
2016-02-13 19:45:25---0.027---mkdir
2016-02-13 19:45:25---9.77---mkdir
2016-02-13 19:45:25---0.125---ls
2016-02-13 19:47:15---0.088---mkdir
2016-02-13 19:47:15---0.174---mkdir
2016-02-13 19:47:15---0.072---mkdirnext
2016-02-13 19:47:15---0.038---getMaxKey
2016-02-13 19:47:15---0.034---getMinKey
2016-02-13 19:47:15---0.038---getLength
2016-02-13 19:47:15---0.052---mkdirnext
2016-02-13 19:47:15---0.039---split
2016-02-13 19:47:15---0.029---mkdir
2016-02-13 19:47:15---14.375---mkdir
2016-02-13 19:47:15---0.03---getMaxKey
2016-02-13 19:47:15---0.079---getMinKey
2016-02-13 19:47:15---0.05---getLength
2016-02-13 19:47:15---0.051---mkdirnext
2016-02-13 19:47:15---0.052---split
2016-02-13 19:47:15---0.027---mkdir
2016-02-13 19:47:15---11.134---mkdir
2016-02-13 19:47:15---0.111---ls
2016-02-13 19:51:06---0.079---mkdir
2016-02-13 19:51:06---0.227---mkdir
2016-02-13 19:51:06---0.071---mkdirnext
2016-02-13 19:51:06---0.038---getMaxKey
2016-02-13 19:51:06---0.034---getMinKey
2016-02-13 19:51:06---0.065---getLength
2016-02-13 19:51:06---0.069---mkdirnext
2016-02-13 19:51:06---0.045---split
2016-02-13 19:51:06---0.027---mkdir
2016-02-13 19:51:07---15.025---mkdir
2016-02-13 19:51:07---0.029---getMaxKey
2016-02-13 19:51:07---0.027---getMinKey
2016-02-13 19:51:07---0.034---getLength
2016-02-13 19:51:07---0.085---mkdirnext
2016-02-13 19:51:07---0.051---split
2016-02-13 19:51:07---0.026---mkdir
2016-02-13 19:51:07---10.118---mkdir
2016-02-13 19:51:07---0.108---ls
2016-02-13 19:54:22---0.079---mkdir
2016-02-13 19:54:22---0.167---mkdir
2016-02-13 19:54:22---0.069---mkdirnext
2016-02-13 19:54:22---0.04---getMaxKey
2016-02-13 19:54:22---0.519---getMinKey
2016-02-13 19:54:22---0.055---getLength
2016-02-13 19:54:22---0.058---mkdirnext
2016-02-13 19:54:22---0.05---split
2016-02-13 19:54:22---0.033---mkdir
2016-02-13 19:54:22---16.273---mkdir
2016-02-13 19:54:22---0.031---getMaxKey
2016-02-13 19:54:22---0.027---getMinKey
2016-02-13 19:54:22---0.033---getLength
2016-02-13 19:54:22---0.057---mkdirnext
2016-02-13 19:54:22---0.039---split
2016-02-13 19:54:22---0.026---mkdir
2016-02-13 19:54:22---9.862---mkdir
2016-02-13 19:54:22---0.101---ls
2016-02-13 19:55:08---0.077---mkdir
2016-02-13 19:55:08---0.155---mkdir
2016-02-13 19:55:08---0.058---mkdirnext
2016-02-13 19:55:08---0.027---getMaxKey
2016-02-13 19:55:08---0.024---getMinKey
2016-02-13 19:55:08---0.058---getLength
2016-02-13 19:55:08---0.065---mkdirnext
2016-02-13 19:55:08---0.057---split
2016-02-13 19:55:08---0.029---mkdir
2016-02-13 19:55:08---17.115---mkdir
2016-02-13 19:55:08---0.031---getMaxKey
2016-02-13 19:55:08---0.035---getMinKey
2016-02-13 19:55:08---0.032---getLength
2016-02-13 19:55:08---0.053---mkdirnext
2016-02-13 19:55:08---0.036---split
2016-02-13 19:55:08---0.029---mkdir
2016-02-13 19:55:08---11.396---mkdir
2016-02-13 19:55:08---0.096---ls
2016-02-13 19:58:42---0.07---mkdir
2016-02-13 19:58:42---0.151---mkdir
2016-02-13 19:58:42---0.059---mkdirnext
2016-02-13 19:58:42---0.024---getMaxKey
2016-02-13 19:58:42---0.022---getMinKey
2016-02-13 19:58:42---0.032---getLength
2016-02-13 19:58:42---0.057---mkdirnext
2016-02-13 19:58:42---0.083---split
2016-02-13 19:58:42---0.029---mkdir
2016-02-13 19:58:42---14.869---mkdir
2016-02-13 19:58:42---0.029---getMaxKey
2016-02-13 19:58:42---0.022---getMinKey
2016-02-13 19:58:42---0.063---getLength
2016-02-13 19:58:42---0.063---mkdirnext
2016-02-13 19:58:42---0.057---split
2016-02-13 19:58:42---0.034---mkdir
2016-02-13 19:58:42---13.542---mkdir
2016-02-13 19:58:42---0.732---ls
2016-02-13 19:59:16---0.068---mkdir
2016-02-13 19:59:16---0.166---mkdir
2016-02-13 19:59:16---0.053---mkdirnext
2016-02-13 19:59:16---0.031---getMaxKey
2016-02-13 19:59:16---0.032---getMinKey
2016-02-13 19:59:16---0.063---getLength
2016-02-13 19:59:16---0.057---mkdirnext
2016-02-13 19:59:16---0.037---split
2016-02-13 19:59:16---0.023---mkdir
2016-02-13 19:59:16---14.878---mkdir
2016-02-13 19:59:16---0.027---getMaxKey
2016-02-13 19:59:16---0.025---getMinKey
2016-02-13 19:59:16---0.033---getLength
2016-02-13 19:59:16---0.059---mkdirnext
2016-02-13 19:59:16---0.037---split
2016-02-13 19:59:16---0.028---mkdir
2016-02-13 19:59:16---10.791---mkdir
2016-02-13 19:59:16---0.095---ls
2016-02-13 20:00:06---0.073---mkdir
2016-02-13 20:00:06---0.156---mkdir
2016-02-13 20:00:06---0.067---mkdirnext
2016-02-13 20:00:06---0.034---getMaxKey
2016-02-13 20:00:06---0.029---getMinKey
2016-02-13 20:00:06---0.063---getLength
2016-02-13 20:00:06---0.058---mkdirnext
2016-02-13 20:00:06---0.048---split
2016-02-13 20:00:06---0.033---mkdir
2016-02-13 20:00:06---15.47---mkdir
2016-02-13 20:00:06---0.027---getMaxKey
2016-02-13 20:00:06---0.026---getMinKey
2016-02-13 20:00:06---0.05---getLength
2016-02-13 20:00:06---0.055---mkdirnext
2016-02-13 20:00:06---0.05---split
2016-02-13 20:00:06---0.026---mkdir
2016-02-13 20:00:06---10.744---mkdir
2016-02-13 20:00:06---0.102---ls
2016-02-13 20:06:04---0.074---mkdir
2016-02-13 20:06:04---0.17---mkdir
2016-02-13 20:06:04---0.066---mkdirnext
2016-02-13 20:06:04---0.036---getMaxKey
2016-02-13 20:06:04---0.034---getMinKey
2016-02-13 20:06:04---0.037---getLength
2016-02-13 20:06:04---0.05---mkdirnext
2016-02-13 20:06:04---0.038---split
2016-02-13 20:06:04---0.026---mkdir
2016-02-13 20:06:04---15.731---mkdir
2016-02-13 20:06:04---0.03---getMaxKey
2016-02-13 20:06:04---0.022---getMinKey
2016-02-13 20:06:04---0.036---getLength
2016-02-13 20:06:04---0.055---mkdirnext
2016-02-13 20:06:04---0.054---split
2016-02-13 20:06:04---0.03---mkdir
2016-02-13 20:06:04---12.168---mkdir
2016-02-13 20:06:04---0.119---ls
2016-02-13 20:10:15---0.08---mkdir
2016-02-13 20:10:15---0.359---mkdir
2016-02-13 20:10:15---0.06---mkdirnext
2016-02-13 20:10:15---0.032---getMaxKey
2016-02-13 20:10:15---0.031---getMinKey
2016-02-13 20:10:15---0.048---getLength
2016-02-13 20:10:15---0.071---mkdirnext
2016-02-13 20:10:15---0.05---split
2016-02-13 20:10:15---0.035---mkdir
2016-02-13 20:10:15---16.15---mkdir
2016-02-13 20:10:15---0.028---getMaxKey
2016-02-13 20:10:15---0.023---getMinKey
2016-02-13 20:10:15---0.041---getLength
2016-02-13 20:10:15---0.052---mkdirnext
2016-02-13 20:10:15---0.038---split
2016-02-13 20:10:15---0.024---mkdir
2016-02-13 20:10:15---9.896---mkdir
2016-02-13 20:10:15---0.124---ls
2016-02-13 20:11:02---0.083---mkdir
2016-02-13 20:11:02---0.18---mkdir
2016-02-13 20:11:02---0.062---mkdirnext
2016-02-13 20:11:02---0.031---getMaxKey
2016-02-13 20:11:02---0.043---getMinKey
2016-02-13 20:11:02---0.029---getLength
2016-02-13 20:11:02---0.052---mkdirnext
2016-02-13 20:11:02---0.038---split
2016-02-13 20:11:02---0.025---mkdir
2016-02-13 20:11:02---12.57---mkdir
2016-02-13 20:11:02---0.03---getMaxKey
2016-02-13 20:11:02---0.024---getMinKey
2016-02-13 20:11:02---0.031---getLength
2016-02-13 20:11:02---0.05---mkdirnext
2016-02-13 20:11:02---0.048---split
2016-02-13 20:11:02---0.025---mkdir
2016-02-13 20:11:02---10.339---mkdir
2016-02-13 20:11:02---0.156---ls
2016-02-13 20:16:53---0.071---mkdir
2016-02-13 20:16:53---0.141---mkdir
2016-02-13 20:16:53---0.071---mkdirnext
2016-02-13 20:16:53---0.03---getMaxKey
2016-02-13 20:16:53---0.034---getMinKey
2016-02-13 20:16:53---0.064---getLength
2016-02-13 20:16:53---0.11---mkdirnext
2016-02-13 20:16:53---0.051---split
2016-02-13 20:16:53---0.028---mkdir
2016-02-13 20:16:53---16.059---mkdir
2016-02-13 20:16:53---0.03---getMaxKey
2016-02-13 20:16:53---0.024---getMinKey
2016-02-13 20:16:53---0.05---getLength
2016-02-13 20:16:53---0.069---mkdirnext
2016-02-13 20:16:53---0.071---split
2016-02-13 20:16:53---0.037---mkdir
2016-02-13 20:16:53---14.589---mkdir
2016-02-13 20:16:53---0.129---ls
2016-02-13 20:17:13---0.074---mkdir
2016-02-13 20:17:13---0.154---mkdir
2016-02-13 20:17:13---0.072---mkdirnext
2016-02-13 20:17:13---0.035---getMaxKey
2016-02-13 20:17:13---0.034---getMinKey
2016-02-13 20:17:13---0.06---getLength
2016-02-13 20:17:13---0.063---mkdirnext
2016-02-13 20:17:13---0.059---split
2016-02-13 20:17:13---0.025---mkdir
2016-02-13 20:17:13---15.065---mkdir
2016-02-13 20:17:13---0.03---getMaxKey
2016-02-13 20:17:13---0.024---getMinKey
2016-02-13 20:17:13---0.029---getLength
2016-02-13 20:17:13---0.054---mkdirnext
2016-02-13 20:17:13---0.057---split
2016-02-13 20:17:13---0.026---mkdir
2016-02-13 20:17:13---11.326---mkdir
2016-02-13 20:17:13---0.131---ls
2016-02-13 20:24:03---0.073---mkdir
2016-02-13 20:24:03---0.152---mkdir
2016-02-13 20:24:03---0.06---mkdirnext
2016-02-13 20:24:03---0.035---getMaxKey
2016-02-13 20:24:03---0.031---getMinKey
2016-02-13 20:24:03---0.057---getLength
2016-02-13 20:24:03---0.06---mkdirnext
2016-02-13 20:24:03---0.06---split
2016-02-13 20:24:03---0.032---mkdir
2016-02-13 20:24:03---16.329---mkdir
2016-02-13 20:24:03---0.028---getMaxKey
2016-02-13 20:24:03---0.024---getMinKey
2016-02-13 20:24:03---0.051---getLength
2016-02-13 20:24:03---0.064---mkdirnext
2016-02-13 20:24:03---0.038---split
2016-02-13 20:24:03---0.024---mkdir
2016-02-13 20:24:03---11.009---mkdir
2016-02-13 20:24:03---0.159---ls
2016-02-13 20:27:09---0.069---mkdir
2016-02-13 20:27:09---0.194---mkdir
2016-02-13 20:27:09---0.065---mkdirnext
2016-02-13 20:27:09---0.033---getMaxKey
2016-02-13 20:27:09---0.038---getMinKey
2016-02-13 20:27:09---0.06---getLength
2016-02-13 20:27:09---0.058---mkdirnext
2016-02-13 20:27:09---0.04---split
2016-02-13 20:27:09---0.024---mkdir
2016-02-13 20:27:09---18.594---mkdir
2016-02-13 20:27:09---0.031---getMaxKey
2016-02-13 20:27:09---0.027---getMinKey
2016-02-13 20:27:09---0.054---getLength
2016-02-13 20:27:09---0.058---mkdirnext
2016-02-13 20:27:09---0.049---split
2016-02-13 20:27:09---0.027---mkdir
2016-02-13 20:27:09---12.265---mkdir
2016-02-13 20:27:09---0.156---ls
2016-02-13 20:30:37---0.083---mkdir
2016-02-13 20:30:37---0.187---mkdir
2016-02-13 20:30:37---0.068---mkdirnext
2016-02-13 20:30:37---0.036---getMaxKey
2016-02-13 20:30:37---0.034---getMinKey
2016-02-13 20:30:37---0.033---getLength
2016-02-13 20:30:37---0.047---mkdirnext
2016-02-13 20:30:37---0.036---split
2016-02-13 20:30:37---0.024---mkdir
2016-02-13 20:30:37---14.564---mkdir
2016-02-13 20:30:37---0.03---getMaxKey
2016-02-13 20:30:37---0.022---getMinKey
2016-02-13 20:30:37---0.053---getLength
2016-02-13 20:30:37---0.052---mkdirnext
2016-02-13 20:30:37---0.086---split
2016-02-13 20:30:37---0.025---mkdir
2016-02-13 20:30:37---10.836---mkdir
2016-02-13 20:30:37---0.185---ls
2016-02-13 20:31:52---0.086---mkdir
2016-02-13 20:31:52---0.175---mkdir
2016-02-13 20:31:52---0.068---mkdirnext
2016-02-13 20:31:52---0.035---getMaxKey
2016-02-13 20:31:52---0.035---getMinKey
2016-02-13 20:31:52---0.035---getLength
2016-02-13 20:31:52---0.05---mkdirnext
2016-02-13 20:31:52---0.039---split
2016-02-13 20:31:52---0.026---mkdir
2016-02-13 20:31:52---13.977---mkdir
2016-02-13 20:31:52---0.026---getMaxKey
2016-02-13 20:31:52---0.044---getMinKey
2016-02-13 20:31:52---0.05---getLength
2016-02-13 20:31:52---0.051---mkdirnext
2016-02-13 20:31:52---0.05---split
2016-02-13 20:31:52---0.025---mkdir
2016-02-13 20:31:52---10.08---mkdir
2016-02-13 20:31:52---0.187---ls
2016-02-13 20:32:10---0.078---mkdir
2016-02-13 20:32:10---0.201---mkdir
2016-02-13 20:32:10---0.062---mkdirnext
2016-02-13 20:32:10---0.035---getMaxKey
2016-02-13 20:32:10---0.032---getMinKey
2016-02-13 20:32:10---0.053---getLength
2016-02-13 20:32:10---0.048---mkdirnext
2016-02-13 20:32:10---0.038---split
2016-02-13 20:32:10---0.023---mkdir
2016-02-13 20:32:10---13.097---mkdir
2016-02-13 20:32:10---0.032---getMaxKey
2016-02-13 20:32:10---0.028---getMinKey
2016-02-13 20:32:10---0.052---getLength
2016-02-13 20:32:10---0.058---mkdirnext
2016-02-13 20:32:10---0.054---split
2016-02-13 20:32:10---0.026---mkdir
2016-02-13 20:32:10---10.288---mkdir
2016-02-13 20:32:10---0.183---ls
2016-02-13 20:38:17---0.085---mkdir
2016-02-13 20:38:17---0.193---mkdir
2016-02-13 20:38:17---0.07---mkdirnext
2016-02-13 20:38:17---0.041---getMaxKey
2016-02-13 20:38:17---0.026---getMinKey
2016-02-13 20:38:17---0.031---getLength
2016-02-13 20:38:17---0.049---mkdirnext
2016-02-13 20:38:17---0.051---split
2016-02-13 20:38:17---0.026---mkdir
2016-02-13 20:38:17---15.683---mkdir
2016-02-13 20:38:17---0.029---getMaxKey
2016-02-13 20:38:17---0.022---getMinKey
2016-02-13 20:38:17---0.048---getLength
2016-02-13 20:38:17---0.047---mkdirnext
2016-02-13 20:38:17---0.192---split
2016-02-13 20:38:17---0.025---mkdir
2016-02-13 20:38:17---10.123---mkdir
2016-02-13 20:38:17---0.196---ls
2016-02-13 20:44:39---0.074---mkdir
2016-02-13 20:44:39---0.164---mkdir
2016-02-13 20:44:39---0.076---mkdirnext
2016-02-13 20:44:39---0.039---getMaxKey
2016-02-13 20:44:39---0.039---getMinKey
2016-02-13 20:44:39---0.037---getLength
2016-02-13 20:44:39---0.053---mkdirnext
2016-02-13 20:44:39---0.041---split
2016-02-13 20:44:39---0.026---mkdir
2016-02-13 20:44:39---16.41---mkdir
2016-02-13 20:44:39---0.03---getMaxKey
2016-02-13 20:44:39---0.027---getMinKey
2016-02-13 20:44:39---0.052---getLength
2016-02-13 20:44:39---0.048---mkdirnext
2016-02-13 20:44:39---0.049---split
2016-02-13 20:44:39---0.027---mkdir
2016-02-13 20:44:39---10.821---mkdir
2016-02-13 20:44:39---0.186---ls
2016-02-13 20:48:30---0.083---mkdir
2016-02-13 20:48:30---0.187---mkdir
2016-02-13 20:48:30---0.07---mkdirnext
2016-02-13 20:48:30---0.037---getMaxKey
2016-02-13 20:48:30---0.026---getMinKey
2016-02-13 20:48:30---0.029---getLength
2016-02-13 20:48:30---0.047---mkdirnext
2016-02-13 20:48:30---0.05---split
2016-02-13 20:48:30---0.028---mkdir
2016-02-13 20:48:30---13.651---mkdir
2016-02-13 20:48:30---0.03---getMaxKey
2016-02-13 20:48:30---0.025---getMinKey
2016-02-13 20:48:30---0.051---getLength
2016-02-13 20:48:30---0.051---mkdirnext
2016-02-13 20:48:30---0.048---split
2016-02-13 20:48:30---0.024---mkdir
2016-02-13 20:48:30---10.015---mkdir
2016-02-13 20:48:30---0.198---ls
2016-02-13 21:13:53---0.073---mkdir
2016-02-13 21:13:53---0.138---mkdir
2016-02-13 21:13:53---0.06---mkdirnext
2016-02-13 21:13:53---0.027---getMaxKey
2016-02-13 21:13:53---0.024---getMinKey
2016-02-13 21:13:53---0.049---getLength
2016-02-13 21:13:53---0.057---mkdirnext
2016-02-13 21:13:53---0.047---split
2016-02-13 21:13:53---0.032---mkdir
2016-02-13 21:13:53---14.199---mkdir
2016-02-13 21:13:53---0.033---getMaxKey
2016-02-13 21:13:53---0.024---getMinKey
2016-02-13 21:13:53---0.05---getLength
2016-02-13 21:13:53---0.111---mkdirnext
2016-02-13 21:13:53---0.066---split
2016-02-13 21:13:53---0.025---mkdir
2016-02-13 21:13:53---12.807---mkdir
2016-02-13 21:13:53---0.141---ls
2016-02-13 21:16:58---0.079---mkdir
2016-02-13 21:16:58---0.176---mkdir
2016-02-13 21:16:58---0.057---mkdirnext
2016-02-13 21:16:58---0.035---getMaxKey
2016-02-13 21:16:58---0.024---getMinKey
2016-02-13 21:16:58---0.029---getLength
2016-02-13 21:16:58---0.047---mkdirnext
2016-02-13 21:16:58---0.051---split
2016-02-13 21:16:58---0.026---mkdir
2016-02-13 21:16:58---12.441---mkdir
2016-02-13 21:16:58---0.029---getMaxKey
2016-02-13 21:16:58---0.023---getMinKey
2016-02-13 21:16:58---0.048---getLength
2016-02-13 21:16:58---0.052---mkdirnext
2016-02-13 21:16:58---0.049---split
2016-02-13 21:16:58---0.029---mkdir
2016-02-13 21:16:58---10.508---mkdir
2016-02-13 21:16:58---0.181---ls
2016-02-13 21:17:16---0.07---mkdir
2016-02-13 21:17:16---0.176---mkdir
2016-02-13 21:17:16---0.05---mkdirnext
2016-02-13 21:17:16---0.023---getMaxKey
2016-02-13 21:17:16---0.024---getMinKey
2016-02-13 21:17:16---0.098---getLength
2016-02-13 21:17:16---0.058---mkdirnext
2016-02-13 21:17:16---0.067---split
2016-02-13 21:17:16---0.034---mkdir
2016-02-13 21:17:16---17.298---mkdir
2016-02-13 21:17:17---0.029---getMaxKey
2016-02-13 21:17:17---0.024---getMinKey
2016-02-13 21:17:17---0.034---getLength
2016-02-13 21:17:17---0.051---mkdirnext
2016-02-13 21:17:17---0.277---split
2016-02-13 21:17:17---0.027---mkdir
2016-02-13 21:17:17---9.911---mkdir
2016-02-13 21:17:17---0.211---ls
2016-02-13 21:17:32---0.07---mkdir
2016-02-13 21:17:32---0.15---mkdir
2016-02-13 21:17:32---0.063---mkdirnext
2016-02-13 21:17:32---0.033---getMaxKey
2016-02-13 21:17:32---0.037---getMinKey
2016-02-13 21:17:32---0.043---getLength
2016-02-13 21:17:32---0.059---mkdirnext
2016-02-13 21:17:32---0.041---split
2016-02-13 21:17:32---0.026---mkdir
2016-02-13 21:17:32---15.05---mkdir
2016-02-13 21:17:32---0.029---getMaxKey
2016-02-13 21:17:32---0.025---getMinKey
2016-02-13 21:17:32---0.039---getLength
2016-02-13 21:17:32---0.051---mkdirnext
2016-02-13 21:17:32---0.053---split
2016-02-13 21:17:32---0.025---mkdir
2016-02-13 21:17:32---11.493---mkdir
2016-02-13 21:17:32---0.207---ls
2016-02-13 21:32:18---0.069---mkdir
2016-02-13 21:32:18---0.136---mkdir
2016-02-13 21:32:18---0.051---mkdirnext
2016-02-13 21:32:18---0.03---getMaxKey
2016-02-13 21:32:18---0.027---getMinKey
2016-02-13 21:32:18---0.057---getLength
2016-02-13 21:32:18---0.1---mkdirnext
2016-02-13 21:32:18---0.056---split
2016-02-13 21:32:18---0.03---mkdir
2016-02-13 21:32:18---17.284---mkdir
2016-02-13 21:32:18---0.034---getMaxKey
2016-02-13 21:32:18---0.377---getMinKey
2016-02-13 21:32:18---0.144---getLength
2016-02-13 21:32:18---0.054---mkdirnext
2016-02-13 21:32:18---0.047---split
2016-02-13 21:32:18---0.064---mkdir
2016-02-13 21:32:18---14.78---mkdir
2016-02-13 21:32:18---0.144---ls
2016-02-13 21:42:15---0.08---mkdir
2016-02-13 21:42:15---0.183---mkdir
2016-02-13 21:42:15---0.066---mkdirnext
2016-02-13 21:42:15---0.038---getMaxKey
2016-02-13 21:42:15---0.035---getMinKey
2016-02-13 21:42:15---0.059---getLength
2016-02-13 21:42:15---0.055---mkdirnext
2016-02-13 21:42:15---0.041---split
2016-02-13 21:42:15---0.028---mkdir
2016-02-13 21:42:15---17.778---mkdir
2016-02-13 21:42:15---0.029---getMaxKey
2016-02-13 21:42:15---0.022---getMinKey
2016-02-13 21:42:15---0.05---getLength
2016-02-13 21:42:15---0.048---mkdirnext
2016-02-13 21:42:15---0.055---split
2016-02-13 21:42:15---0.036---mkdir
2016-02-13 21:42:15---11.118---mkdir
2016-02-13 21:42:15---0.325---ls
2016-02-13 21:45:55---0.075---mkdir
2016-02-13 21:45:55---0.161---mkdir
2016-02-13 21:45:55---0.069---mkdirnext
2016-02-13 21:45:55---0.036---getMaxKey
2016-02-13 21:45:55---0.036---getMinKey
2016-02-13 21:45:55---0.057---getLength
2016-02-13 21:45:55---0.054---mkdirnext
2016-02-13 21:45:55---0.04---split
2016-02-13 21:45:55---0.026---mkdir
2016-02-13 21:45:55---15.626---mkdir
2016-02-13 21:45:55---0.031---getMaxKey
2016-02-13 21:45:55---0.025---getMinKey
2016-02-13 21:45:55---0.053---getLength
2016-02-13 21:45:55---0.048---mkdirnext
2016-02-13 21:45:55---0.059---split
2016-02-13 21:45:55---0.023---mkdir
2016-02-13 21:45:55---11.972---mkdir
2016-02-13 21:45:55---0.812---ls
2016-02-13 21:46:41---0.08---mkdir
2016-02-13 21:46:41---0.154---mkdir
2016-02-13 21:46:41---0.07---mkdirnext
2016-02-13 21:46:41---0.037---getMaxKey
2016-02-13 21:46:41---0.028---getMinKey
2016-02-13 21:46:41---0.058---getLength
2016-02-13 21:46:41---0.065---mkdirnext
2016-02-13 21:46:41---0.045---split
2016-02-13 21:46:41---0.025---mkdir
2016-02-13 21:46:41---14.422---mkdir
2016-02-13 21:46:41---0.031---getMaxKey
2016-02-13 21:46:41---0.029---getMinKey
2016-02-13 21:46:41---0.031---getLength
2016-02-13 21:46:41---0.052---mkdirnext
2016-02-13 21:46:41---0.041---split
2016-02-13 21:46:41---0.022---mkdir
2016-02-13 21:46:41---10.207---mkdir
2016-02-13 21:46:41---0.331---ls
2016-02-13 21:55:44---0.072---mkdir
2016-02-13 21:55:44---0.163---mkdir
2016-02-13 21:55:44---0.058---mkdirnext
2016-02-13 21:55:44---0.03---getMaxKey
2016-02-13 21:55:44---0.03---getMinKey
2016-02-13 21:55:44---0.066---getLength
2016-02-13 21:55:44---0.057---mkdirnext
2016-02-13 21:55:44---0.055---split
2016-02-13 21:55:44---0.028---mkdir
2016-02-13 21:55:44---14.2---mkdir
2016-02-13 21:55:44---0.028---getMaxKey
2016-02-13 21:55:44---0.032---getMinKey
2016-02-13 21:55:44---0.054---getLength
2016-02-13 21:55:44---0.051---mkdirnext
2016-02-13 21:55:44---0.049---split
2016-02-13 21:55:44---0.029---mkdir
2016-02-13 21:55:44---11.427---mkdir
2016-02-13 21:55:44---0.051---ls
2016-02-13 21:55:44---0.038---ls
2016-02-13 21:55:44---0.033---ls
2016-02-13 21:55:44---8.198---ls
2016-02-13 22:01:38---0.078---mkdir
2016-02-13 22:01:38---0.156---mkdir
2016-02-13 22:01:38---0.134---mkdirnext
2016-02-13 22:01:38---0.029---getMaxKey
2016-02-13 22:01:38---0.027---getMinKey
2016-02-13 22:01:38---0.058---getLength
2016-02-13 22:01:38---0.061---mkdirnext
2016-02-13 22:01:38---0.057---split
2016-02-13 22:01:38---0.029---mkdir
2016-02-13 22:01:38---14.999---mkdir
2016-02-13 22:01:38---0.032---getMaxKey
2016-02-13 22:01:38---0.025---getMinKey
2016-02-13 22:01:38---0.032---getLength
2016-02-13 22:01:38---0.065---mkdirnext
2016-02-13 22:01:38---0.058---split
2016-02-13 22:01:38---0.035---mkdir
2016-02-13 22:01:38---11.813---mkdir
2016-02-13 22:01:38---0.039---ls
2016-02-13 22:01:38---0.028---ls
2016-02-13 22:01:38---0.026---ls
2016-02-13 22:01:38---5.261---ls
2016-02-13 22:03:46---0.075---mkdir
2016-02-13 22:03:46---0.163---mkdir
2016-02-13 22:03:46---0.067---mkdirnext
2016-02-13 22:03:46---0.039---getMaxKey
2016-02-13 22:03:46---0.032---getMinKey
2016-02-13 22:03:46---0.064---getLength
2016-02-13 22:03:46---0.062---mkdirnext
2016-02-13 22:03:46---0.054---split
2016-02-13 22:03:46---0.027---mkdir
2016-02-13 22:03:46---14.999---mkdir
2016-02-13 22:03:46---0.032---ls
2016-02-13 22:03:46---0.027---ls
2016-02-13 22:03:46---3.361---ls
2016-02-13 22:11:18---0.07---mkdir
2016-02-13 22:11:18---0.193---mkdir
2016-02-13 22:11:18---0.069---mkdirnext
2016-02-13 22:11:18---0.034---getMaxKey
2016-02-13 22:11:18---0.036---getMinKey
2016-02-13 22:11:18---0.057---getLength
2016-02-13 22:11:18---0.059---mkdirnext
2016-02-13 22:11:18---0.038---split
2016-02-13 22:11:18---0.027---mkdir
2016-02-13 22:11:18---15.621---mkdir
2016-02-13 22:11:18---0.032---ls
2016-02-13 22:11:18---0.028---ls
2016-02-13 22:11:18---3.398---ls
2016-02-13 22:20:03---0.077---mkdir
2016-02-13 22:20:03---0.163---mkdir
2016-02-13 22:20:03---0.068---mkdirnext
2016-02-13 22:20:03---0.041---getMaxKey
2016-02-13 22:20:03---0.034---getMinKey
2016-02-13 22:20:03---0.046---getLength
2016-02-13 22:20:03---0.062---mkdirnext
2016-02-13 22:20:03---0.04---split
2016-02-13 22:20:03---0.025---mkdir
2016-02-13 22:20:03---15.339---mkdir
2016-02-13 22:20:03---0.03---ls
2016-02-13 22:20:03---0.029---ls
2016-02-13 22:20:03---3.266---ls
2016-02-13 22:21:36---0.075---mkdir
2016-02-13 22:21:36---0.162---mkdir
2016-02-13 22:21:36---0.188---mkdir
2016-02-13 22:21:36---0.482---ls
2016-02-13 22:33:13---0.074---mkdir
2016-02-13 22:33:13---0.163---mkdir
2016-02-13 22:33:13---0.078---mkdirnext
2016-02-13 22:33:13---0.039---getMaxKey
2016-02-13 22:33:13---0.04---getMinKey
2016-02-13 22:33:13---0.038---getLength
2016-02-13 22:33:13---0.054---mkdirnext
2016-02-13 22:33:13---0.054---split
2016-02-13 22:33:13---0.025---mkdir
2016-02-13 22:33:13---15.465---mkdir
2016-02-13 22:33:13---0.032---ls
2016-02-13 22:33:13---0.029---ls
2016-02-13 22:33:13---3.504---ls
2016-02-13 22:40:53---0.067---mkdir
2016-02-13 22:40:53---0.177---mkdir
2016-02-13 22:40:53---0.067---mkdirnext
2016-02-13 22:40:53---0.039---getMaxKey
2016-02-13 22:40:53---0.034---getMinKey
2016-02-13 22:40:53---0.039---getLength
2016-02-13 22:40:53---0.052---mkdirnext
2016-02-13 22:40:53---0.04---split
2016-02-13 22:40:53---0.026---mkdir
2016-02-13 22:40:53---15.162---mkdir
2016-02-13 22:40:53---0.031---ls
2016-02-13 22:40:53---0.027---ls
2016-02-13 22:40:53---3.386---ls
2016-02-14 08:53:14---0.073---mkdir
2016-02-14 08:53:14---0.177---mkdir
2016-02-14 08:53:14---0.068---mkdirnext
2016-02-14 08:53:14---0.037---getMaxKey
2016-02-14 08:53:14---0.041---getMinKey
2016-02-14 08:53:14---0.055---getLength
2016-02-14 08:53:14---0.055---mkdirnext
2016-02-14 08:53:14---0.053---split
2016-02-14 08:53:14---0.026---mkdir
2016-02-14 08:53:14---14.884---mkdir
2016-02-14 08:53:14---0.03---ls
2016-02-14 08:53:14---0.024---ls
2016-02-14 08:53:14---3.18---ls
2016-02-14 08:58:26---0.07---mkdir
2016-02-14 08:58:26---0.167---mkdir
2016-02-14 08:58:26---0.069---mkdirnext
2016-02-14 08:58:26---0.033---getMaxKey
2016-02-14 08:58:26---0.032---getMinKey
2016-02-14 08:58:26---0.038---getLength
2016-02-14 08:58:26---0.054---mkdirnext
2016-02-14 08:58:26---0.057---split
2016-02-14 08:58:26---0.026---mkdir
2016-02-14 08:58:26---15.113---mkdir
2016-02-14 08:58:26---0.032---ls
2016-02-14 08:58:26---0.026---ls
2016-02-14 08:58:26---3.427---ls
2016-02-14 08:58:26---0.295---get
2016-02-14 08:58:26---0.361---get
2016-02-14 08:58:40---0.076---mkdir
2016-02-14 08:58:40---0.23---mkdir
2016-02-14 08:58:40---0.074---mkdirnext
2016-02-14 08:58:40---0.032---getMaxKey
2016-02-14 08:58:40---0.025---getMinKey
2016-02-14 08:58:40---0.032---getLength
2016-02-14 08:58:40---0.053---mkdirnext
2016-02-14 08:58:40---0.039---split
2016-02-14 08:58:40---0.024---mkdir
2016-02-14 08:58:40---12.589---mkdir
2016-02-14 08:58:40---0.032---ls
2016-02-14 08:58:40---0.026---ls
2016-02-14 08:58:40---3.429---ls
2016-02-14 08:58:40---0.05---get
2016-02-14 08:58:40---0.087---get
2016-02-14 09:00:49---0.074---mkdir
2016-02-14 09:00:49---0.171---mkdir
2016-02-14 09:00:50---0.065---mkdirnext
2016-02-14 09:00:50---0.037---getMaxKey
2016-02-14 09:00:50---0.027---getMinKey
2016-02-14 09:00:50---0.051---getLength
2016-02-14 09:00:50---0.053---mkdirnext
2016-02-14 09:00:50---0.053---split
2016-02-14 09:00:50---0.029---mkdir
2016-02-14 09:00:50---14.447---mkdir
2016-02-14 09:00:50---0.03---ls
2016-02-14 09:00:50---0.027---ls
2016-02-14 09:00:50---3.39---ls
2016-02-14 09:00:50---0.054---get
2016-02-14 09:00:50---0.062---get
